vkCode: 32, pressed: 1, sysTime: 61594656
vkCode: 32, pressed: 0, sysTime: 61594750
vkCode: 160, pressed: 1, sysTime: 61594968
vkCode: 160, pressed: 0, sysTime: 61595093
vkCode: 49, pressed: 1, sysTime: 61597687
vkCode: 49, pressed: 0, sysTime: 61597812
vkCode: 52, pressed: 1, sysTime: 61598093
vkCode: 52, pressed: 0, sysTime: 61598156
vkCode: 52, pressed: 1, sysTime: 61598250
vkCode: 52, pressed: 0, sysTime: 61598343
vkCode: 13, pressed: 1, sysTime: 61598437
vkCode: 13, pressed: 0, sysTime: 61598500
vkCode: 32, pressed: 1, sysTime: 61600687
vkCode: 160, pressed: 1, sysTime: 61600781
vkCode: 32, pressed: 0, sysTime: 61600812
vkCode: 160, pressed: 0, sysTime: 61600953
vkCode: 32, pressed: 1, sysTime: 61602312
vkCode: 160, pressed: 1, sysTime: 61602343
vkCode: 32, pressed: 0, sysTime: 61602500
vkCode: 160, pressed: 0, sysTime: 61602531
vkCode: 32, pressed: 1, sysTime: 61603781
vkCode: 160, pressed: 1, sysTime: 61604171
vkCode: 32, pressed: 0, sysTime: 61604265
vkCode: 160, pressed: 0, sysTime: 61604296
vkCode: 32, pressed: 1, sysTime: 61605515
vkCode: 160, pressed: 1, sysTime: 61605671
vkCode: 32, pressed: 0, sysTime: 61605765
vkCode: 160, pressed: 0, sysTime: 61605796
vkCode: 32, pressed: 1, sysTime: 61612875
vkCode: 160, pressed: 1, sysTime: 61613125
vkCode: 160, pressed: 0, sysTime: 61613296
vkCode: 32, pressed: 0, sysTime: 61613296
vkCode: 32, pressed: 1, sysTime: 61614859
vkCode: 32, pressed: 0, sysTime: 61614953
vkCode: 32, pressed: 1, sysTime: 61615484
vkCode: 160, pressed: 1, sysTime: 61615515
vkCode: 32, pressed: 0, sysTime: 61615562
vkCode: 160, pressed: 0, sysTime: 61615593
vkCode: 32, pressed: 1, sysTime: 61616453
vkCode: 32, pressed: 0, sysTime: 61616562
vkCode: 32, pressed: 1, sysTime: 61616765
vkCode: 160, pressed: 1, sysTime: 61616796
vkCode: 160, pressed: 0, sysTime: 61616921
vkCode: 32, pressed: 0, sysTime: 61616921
vkCode: 32, pressed: 1, sysTime: 61617843
vkCode: 32, pressed: 0, sysTime: 61617968
vkCode: 160, pressed: 1, sysTime: 61618171
vkCode: 32, pressed: 1, sysTime: 61618187
vkCode: 32, pressed: 0, sysTime: 61618296
vkCode: 160, pressed: 0, sysTime: 61618375
vkCode: 45, pressed: 1, sysTime: 61619765
vkCode: 45, pressed: 0, sysTime: 61619859
vkCode: 162, pressed: 1, sysTime: 61622921
vkCode: 67, pressed: 1, sysTime: 61623046
vkCode: 67, pressed: 0, sysTime: 61623171
vkCode: 162, pressed: 0, sysTime: 61623234
vkCode: 32, pressed: 1, sysTime: 61985484
vkCode: 160, pressed: 1, sysTime: 61985562
vkCode: 32, pressed: 0, sysTime: 61985640
vkCode: 160, pressed: 0, sysTime: 61985718
vkCode: 49, pressed: 1, sysTime: 61986875
vkCode: 49, pressed: 0, sysTime: 61987015
vkCode: 49, pressed: 1, sysTime: 61987562
vkCode: 52, pressed: 1, sysTime: 61987656
vkCode: 49, pressed: 0, sysTime: 61987718
vkCode: 52, pressed: 0, sysTime: 61987734
vkCode: 52, pressed: 1, sysTime: 61987781
vkCode: 52, pressed: 0, sysTime: 61987875
vkCode: 32, pressed: 1, sysTime: 61989187
vkCode: 160, pressed: 1, sysTime: 61989218
vkCode: 32, pressed: 0, sysTime: 61989312
vkCode: 160, pressed: 0, sysTime: 61989359
vkCode: 32, pressed: 1, sysTime: 61991218
vkCode: 160, pressed: 1, sysTime: 61991250
vkCode: 160, pressed: 0, sysTime: 61991375
vkCode: 32, pressed: 0, sysTime: 61991390
vkCode: 32, pressed: 1, sysTime: 61993234
vkCode: 160, pressed: 1, sysTime: 61993281
vkCode: 32, pressed: 0, sysTime: 61993375
vkCode: 160, pressed: 0, sysTime: 61993406
vkCode: 32, pressed: 1, sysTime: 61995093
vkCode: 32, pressed: 0, sysTime: 61995187
vkCode: 160, pressed: 1, sysTime: 61995609
vkCode: 32, pressed: 1, sysTime: 61995609
vkCode: 32, pressed: 0, sysTime: 61995734
vkCode: 160, pressed: 0, sysTime: 61995781
vkCode: 160, pressed: 1, sysTime: 61997656
vkCode: 32, pressed: 1, sysTime: 61997671
vkCode: 160, pressed: 0, sysTime: 61997843
vkCode: 32, pressed: 0, sysTime: 61997859
vkCode: 32, pressed: 1, sysTime: 62308406
vkCode: 32, pressed: 0, sysTime: 62308515
vkCode: 160, pressed: 1, sysTime: 62309015
vkCode: 160, pressed: 0, sysTime: 62309203
vkCode: 49, pressed: 1, sysTime: 62311359
vkCode: 49, pressed: 0, sysTime: 62311531
vkCode: 52, pressed: 1, sysTime: 62312078
vkCode: 52, pressed: 0, sysTime: 62312109
vkCode: 52, pressed: 1, sysTime: 62312234
vkCode: 52, pressed: 0, sysTime: 62312328
vkCode: 13, pressed: 1, sysTime: 62312359
vkCode: 13, pressed: 0, sysTime: 62312421
vkCode: 32, pressed: 1, sysTime: 62315765
vkCode: 160, pressed: 1, sysTime: 62315796
vkCode: 32, pressed: 0, sysTime: 62315890
vkCode: 160, pressed: 0, sysTime: 62315937
vkCode: 32, pressed: 1, sysTime: 62317125
vkCode: 160, pressed: 1, sysTime: 62317218
vkCode: 32, pressed: 0, sysTime: 62317312
vkCode: 160, pressed: 0, sysTime: 62317343
vkCode: 32, pressed: 1, sysTime: 62318390
vkCode: 160, pressed: 1, sysTime: 62318687
vkCode: 32, pressed: 0, sysTime: 62318781
vkCode: 160, pressed: 0, sysTime: 62318828
vkCode: 32, pressed: 1, sysTime: 62321531
vkCode: 160, pressed: 1, sysTime: 62321578
vkCode: 160, pressed: 0, sysTime: 62321671
vkCode: 32, pressed: 0, sysTime: 62321671
vkCode: 32, pressed: 1, sysTime: 62322625
vkCode: 160, pressed: 1, sysTime: 62322656
vkCode: 32, pressed: 0, sysTime: 62322718
vkCode: 160, pressed: 0, sysTime: 62322765
vkCode: 32, pressed: 1, sysTime: 62323593
vkCode: 160, pressed: 1, sysTime: 62323625
vkCode: 160, pressed: 0, sysTime: 62323718
vkCode: 32, pressed: 0, sysTime: 62323734
vkCode: 32, pressed: 1, sysTime: 62324578
vkCode: 32, pressed: 0, sysTime: 62324734
vkCode: 32, pressed: 1, sysTime: 62325359
vkCode: 160, pressed: 1, sysTime: 62325375
vkCode: 160, pressed: 0, sysTime: 62325500
vkCode: 32, pressed: 0, sysTime: 62325500
vkCode: 32, pressed: 1, sysTime: 62341750
vkCode: 160, pressed: 1, sysTime: 62341843
vkCode: 32, pressed: 0, sysTime: 62341937
vkCode: 160, pressed: 0, sysTime: 62341968
vkCode: 32, pressed: 1, sysTime: 62342578
vkCode: 160, pressed: 1, sysTime: 62342609
vkCode: 32, pressed: 0, sysTime: 62342703
vkCode: 160, pressed: 0, sysTime: 62342703
vkCode: 32, pressed: 1, sysTime: 62343328
vkCode: 32, pressed: 0, sysTime: 62343453
vkCode: 32, pressed: 1, sysTime: 62344140
vkCode: 160, pressed: 1, sysTime: 62344171
vkCode: 160, pressed: 0, sysTime: 62344265
vkCode: 32, pressed: 0, sysTime: 62344281
vkCode: 32, pressed: 1, sysTime: 62344781
vkCode: 32, pressed: 0, sysTime: 62344875
vkCode: 160, pressed: 1, sysTime: 62345453
vkCode: 32, pressed: 1, sysTime: 62345453
vkCode: 160, pressed: 0, sysTime: 62345609
vkCode: 32, pressed: 0, sysTime: 62345609
vkCode: 32, pressed: 1, sysTime: 62346046
vkCode: 32, pressed: 0, sysTime: 62346171
vkCode: 160, pressed: 1, sysTime: 62346453
vkCode: 32, pressed: 1, sysTime: 62346453
vkCode: 160, pressed: 0, sysTime: 62346593
vkCode: 32, pressed: 0, sysTime: 62346593
vkCode: 32, pressed: 1, sysTime: 62347203
vkCode: 32, pressed: 0, sysTime: 62347343
vkCode: 32, pressed: 1, sysTime: 62347515
vkCode: 160, pressed: 1, sysTime: 62347515
vkCode: 160, pressed: 0, sysTime: 62347703
vkCode: 32, pressed: 0, sysTime: 62347703
vkCode: 160, pressed: 1, sysTime: 62348171
vkCode: 160, pressed: 0, sysTime: 62348296
vkCode: 32, pressed: 1, sysTime: 62349734
vkCode: 32, pressed: 0, sysTime: 62349843
vkCode: 32, pressed: 1, sysTime: 62350562
vkCode: 160, pressed: 1, sysTime: 62350593
vkCode: 160, pressed: 0, sysTime: 62350718
vkCode: 32, pressed: 0, sysTime: 62350734
vkCode: 32, pressed: 1, sysTime: 62351171
vkCode: 32, pressed: 0, sysTime: 62351296
vkCode: 160, pressed: 1, sysTime: 62352109
vkCode: 32, pressed: 1, sysTime: 62352109
vkCode: 32, pressed: 0, sysTime: 62352312
vkCode: 160, pressed: 0, sysTime: 62352375
vkCode: 32, pressed: 1, sysTime: 62353421
vkCode: 32, pressed: 0, sysTime: 62353531
vkCode: 32, pressed: 1, sysTime: 62353843
vkCode: 160, pressed: 1, sysTime: 62353875
vkCode: 32, pressed: 0, sysTime: 62354093
vkCode: 160, pressed: 0, sysTime: 62354109
vkCode: 32, pressed: 1, sysTime: 62354671
vkCode: 32, pressed: 0, sysTime: 62354781
vkCode: 160, pressed: 1, sysTime: 62355296
vkCode: 32, pressed: 1, sysTime: 62355296
vkCode: 160, pressed: 0, sysTime: 62355515
vkCode: 32, pressed: 0, sysTime: 62355546
vkCode: 32, pressed: 1, sysTime: 62356562
vkCode: 32, pressed: 0, sysTime: 62356640
vkCode: 160, pressed: 1, sysTime: 62356984
vkCode: 32, pressed: 1, sysTime: 62356984
vkCode: 160, pressed: 0, sysTime: 62357203
vkCode: 32, pressed: 0, sysTime: 62357234
vkCode: 32, pressed: 1, sysTime: 62357890
vkCode: 32, pressed: 0, sysTime: 62358000
vkCode: 160, pressed: 1, sysTime: 62358312
vkCode: 32, pressed: 1, sysTime: 62358312
vkCode: 160, pressed: 0, sysTime: 62358531
vkCode: 32, pressed: 0, sysTime: 62358531
vkCode: 32, pressed: 1, sysTime: 62359281
vkCode: 32, pressed: 0, sysTime: 62359406
vkCode: 160, pressed: 1, sysTime: 62360640
vkCode: 160, pressed: 0, sysTime: 62360734
vkCode: 32, pressed: 1, sysTime: 62361312
vkCode: 32, pressed: 0, sysTime: 62361437
vkCode: 32, pressed: 1, sysTime: 62361937
vkCode: 160, pressed: 1, sysTime: 62361984
vkCode: 160, pressed: 0, sysTime: 62362187
vkCode: 32, pressed: 0, sysTime: 62362203
vkCode: 32, pressed: 1, sysTime: 62362875
vkCode: 32, pressed: 0, sysTime: 62363000
vkCode: 160, pressed: 1, sysTime: 62363562
vkCode: 32, pressed: 1, sysTime: 62363578
vkCode: 32, pressed: 0, sysTime: 62363812
vkCode: 160, pressed: 0, sysTime: 62363812
vkCode: 32, pressed: 1, sysTime: 62364640
vkCode: 32, pressed: 0, sysTime: 62364765
vkCode: 160, pressed: 1, sysTime: 62365390
vkCode: 32, pressed: 1, sysTime: 62365406
vkCode: 160, pressed: 0, sysTime: 62365828
vkCode: 32, pressed: 0, sysTime: 62365859
vkCode: 32, pressed: 1, sysTime: 62366328
vkCode: 32, pressed: 0, sysTime: 62366484
vkCode: 32, pressed: 1, sysTime: 62367078
vkCode: 160, pressed: 1, sysTime: 62367093
vkCode: 160, pressed: 0, sysTime: 62367531
vkCode: 32, pressed: 0, sysTime: 62367578
vkCode: 32, pressed: 1, sysTime: 62367906
vkCode: 32, pressed: 0, sysTime: 62368062
vkCode: 160, pressed: 1, sysTime: 62368750
vkCode: 32, pressed: 1, sysTime: 62368750
vkCode: 160, pressed: 0, sysTime: 62369187
vkCode: 32, pressed: 0, sysTime: 62369234
vkCode: 160, pressed: 1, sysTime: 62369765
vkCode: 160, pressed: 0, sysTime: 62369921
vkCode: 32, pressed: 1, sysTime: 62371359
vkCode: 32, pressed: 0, sysTime: 62371500
vkCode: 160, pressed: 1, sysTime: 62372062
vkCode: 32, pressed: 1, sysTime: 62372062
vkCode: 160, pressed: 0, sysTime: 62372578
vkCode: 32, pressed: 0, sysTime: 62372640
vkCode: 32, pressed: 1, sysTime: 62373468
vkCode: 32, pressed: 0, sysTime: 62373593
vkCode: 160, pressed: 1, sysTime: 62374421
vkCode: 160, pressed: 0, sysTime: 62374484
vkCode: 32, pressed: 1, sysTime: 62375203
vkCode: 32, pressed: 0, sysTime: 62375328
vkCode: 160, pressed: 1, sysTime: 62375812
vkCode: 32, pressed: 1, sysTime: 62375812
vkCode: 160, pressed: 1, sysTime: 62376312
vkCode: 32, pressed: 1, sysTime: 62376312
vkCode: 160, pressed: 1, sysTime: 62376343
vkCode: 32, pressed: 1, sysTime: 62376343
vkCode: 160, pressed: 1, sysTime: 62376375
vkCode: 32, pressed: 1, sysTime: 62376375
vkCode: 32, pressed: 0, sysTime: 62376375
vkCode: 160, pressed: 0, sysTime: 62376406
vkCode: 32, pressed: 1, sysTime: 62377234
vkCode: 32, pressed: 0, sysTime: 62377343
vkCode: 160, pressed: 1, sysTime: 62377921
vkCode: 32, pressed: 1, sysTime: 62377937
vkCode: 32, pressed: 0, sysTime: 62378171
vkCode: 160, pressed: 0, sysTime: 62378296
vkCode: 160, pressed: 1, sysTime: 62379203
vkCode: 160, pressed: 0, sysTime: 62379375
vkCode: 32, pressed: 1, sysTime: 62379937
vkCode: 32, pressed: 0, sysTime: 62380062
vkCode: 160, pressed: 1, sysTime: 62380656
vkCode: 32, pressed: 1, sysTime: 62380671
vkCode: 160, pressed: 0, sysTime: 62380796
vkCode: 32, pressed: 0, sysTime: 62380796
vkCode: 32, pressed: 1, sysTime: 62381562
vkCode: 32, pressed: 0, sysTime: 62381687
vkCode: 32, pressed: 1, sysTime: 62382343
vkCode: 160, pressed: 1, sysTime: 62382375
vkCode: 160, pressed: 0, sysTime: 62382437
vkCode: 32, pressed: 0, sysTime: 62382453
vkCode: 160, pressed: 1, sysTime: 62383218
vkCode: 160, pressed: 0, sysTime: 62383296
vkCode: 160, pressed: 1, sysTime: 62383421
vkCode: 160, pressed: 0, sysTime: 62383453
vkCode: 160, pressed: 1, sysTime: 62383578
vkCode: 160, pressed: 0, sysTime: 62383640
vkCode: 32, pressed: 1, sysTime: 62384656
vkCode: 32, pressed: 0, sysTime: 62384750
vkCode: 32, pressed: 1, sysTime: 62385734
vkCode: 160, pressed: 1, sysTime: 62385796
vkCode: 32, pressed: 0, sysTime: 62385828
vkCode: 160, pressed: 0, sysTime: 62385875
vkCode: 32, pressed: 1, sysTime: 62386609
vkCode: 32, pressed: 0, sysTime: 62386671
vkCode: 160, pressed: 1, sysTime: 62389812
vkCode: 32, pressed: 1, sysTime: 62389812
vkCode: 160, pressed: 0, sysTime: 62390046
vkCode: 32, pressed: 0, sysTime: 62390062
vkCode: 32, pressed: 1, sysTime: 62390562
vkCode: 32, pressed: 0, sysTime: 62390703
vkCode: 160, pressed: 1, sysTime: 62391046
vkCode: 32, pressed: 1, sysTime: 62391046
vkCode: 160, pressed: 0, sysTime: 62391281
vkCode: 32, pressed: 0, sysTime: 62391296
vkCode: 32, pressed: 1, sysTime: 62392062
vkCode: 32, pressed: 0, sysTime: 62392218
vkCode: 160, pressed: 1, sysTime: 62392562
vkCode: 32, pressed: 1, sysTime: 62392578
vkCode: 160, pressed: 0, sysTime: 62392843
vkCode: 32, pressed: 0, sysTime: 62392859
vkCode: 162, pressed: 1, sysTime: 62428859
vkCode: 86, pressed: 1, sysTime: 62428921
vkCode: 86, pressed: 0, sysTime: 62429109
vkCode: 162, pressed: 0, sysTime: 62429171
vkCode: 160, pressed: 1, sysTime: 62430062
vkCode: 32, pressed: 1, sysTime: 62430187
vkCode: 32, pressed: 0, sysTime: 62430375
vkCode: 160, pressed: 0, sysTime: 62430468
vkCode: 32, pressed: 1, sysTime: 62430890
vkCode: 32, pressed: 0, sysTime: 62430984
vkCode: 160, pressed: 1, sysTime: 62431406
vkCode: 32, pressed: 1, sysTime: 62431437
vkCode: 32, pressed: 0, sysTime: 62431531
vkCode: 160, pressed: 0, sysTime: 62431562
vkCode: 32, pressed: 1, sysTime: 62432109
vkCode: 32, pressed: 0, sysTime: 62432218
vkCode: 160, pressed: 1, sysTime: 62432640
vkCode: 32, pressed: 1, sysTime: 62432656
vkCode: 160, pressed: 0, sysTime: 62432890
vkCode: 32, pressed: 0, sysTime: 62432890
vkCode: 160, pressed: 1, sysTime: 62433609
vkCode: 160, pressed: 0, sysTime: 62433796
vkCode: 32, pressed: 1, sysTime: 62434187
vkCode: 32, pressed: 0, sysTime: 62434328
vkCode: 160, pressed: 1, sysTime: 62434781
vkCode: 32, pressed: 1, sysTime: 62434781
vkCode: 160, pressed: 0, sysTime: 62435078
vkCode: 32, pressed: 0, sysTime: 62435093
vkCode: 32, pressed: 1, sysTime: 62436093
vkCode: 32, pressed: 0, sysTime: 62436281
vkCode: 32, pressed: 1, sysTime: 62437453
vkCode: 32, pressed: 0, sysTime: 62437593
vkCode: 32, pressed: 1, sysTime: 62438187
vkCode: 32, pressed: 0, sysTime: 62438296
vkCode: 160, pressed: 1, sysTime: 62438609
vkCode: 32, pressed: 1, sysTime: 62438609
vkCode: 32, pressed: 0, sysTime: 62438765
vkCode: 160, pressed: 0, sysTime: 62438796
vkCode: 160, pressed: 1, sysTime: 62439578
vkCode: 32, pressed: 1, sysTime: 62439578
vkCode: 32, pressed: 0, sysTime: 62439750
vkCode: 160, pressed: 0, sysTime: 62439796
vkCode: 32, pressed: 1, sysTime: 62440390
vkCode: 32, pressed: 0, sysTime: 62440515
vkCode: 160, pressed: 1, sysTime: 62441171
vkCode: 32, pressed: 1, sysTime: 62441203
vkCode: 160, pressed: 0, sysTime: 62441421
vkCode: 32, pressed: 0, sysTime: 62441421
vkCode: 32, pressed: 1, sysTime: 62441953
vkCode: 32, pressed: 0, sysTime: 62442078
vkCode: 160, pressed: 1, sysTime: 62442640
vkCode: 32, pressed: 1, sysTime: 62442656
vkCode: 32, pressed: 0, sysTime: 62442968
vkCode: 160, pressed: 0, sysTime: 62443046
vkCode: 32, pressed: 1, sysTime: 62443812
vkCode: 32, pressed: 0, sysTime: 62443921
vkCode: 160, pressed: 1, sysTime: 62444296
vkCode: 160, pressed: 0, sysTime: 62444484
vkCode: 32, pressed: 1, sysTime: 62445046
vkCode: 32, pressed: 0, sysTime: 62445171
vkCode: 160, pressed: 1, sysTime: 62445593
vkCode: 32, pressed: 1, sysTime: 62445609
vkCode: 160, pressed: 0, sysTime: 62445843
vkCode: 32, pressed: 0, sysTime: 62445843
vkCode: 32, pressed: 1, sysTime: 62446500
vkCode: 32, pressed: 0, sysTime: 62446640
vkCode: 160, pressed: 1, sysTime: 62447187
vkCode: 160, pressed: 0, sysTime: 62447406
vkCode: 32, pressed: 1, sysTime: 62447906
vkCode: 32, pressed: 0, sysTime: 62448062
vkCode: 160, pressed: 1, sysTime: 62448296
vkCode: 32, pressed: 1, sysTime: 62448312
vkCode: 32, pressed: 0, sysTime: 62448484
vkCode: 160, pressed: 0, sysTime: 62448531
vkCode: 32, pressed: 1, sysTime: 62449406
vkCode: 32, pressed: 0, sysTime: 62449500
vkCode: 32, pressed: 1, sysTime: 62450156
vkCode: 160, pressed: 1, sysTime: 62450203
vkCode: 32, pressed: 0, sysTime: 62450312
vkCode: 160, pressed: 0, sysTime: 62450359
vkCode: 32, pressed: 1, sysTime: 62451218
vkCode: 32, pressed: 0, sysTime: 62451343
vkCode: 160, pressed: 1, sysTime: 62452359
vkCode: 32, pressed: 1, sysTime: 62452359
vkCode: 32, pressed: 0, sysTime: 62452625
vkCode: 160, pressed: 0, sysTime: 62452640
vkCode: 160, pressed: 1, sysTime: 62454500
vkCode: 32, pressed: 1, sysTime: 62454500
vkCode: 160, pressed: 0, sysTime: 62454718
vkCode: 32, pressed: 0, sysTime: 62454718
vkCode: 32, pressed: 1, sysTime: 62456484
vkCode: 160, pressed: 1, sysTime: 62456500
vkCode: 160, pressed: 0, sysTime: 62456671
vkCode: 32, pressed: 0, sysTime: 62456687
vkCode: 160, pressed: 1, sysTime: 62458484
vkCode: 32, pressed: 1, sysTime: 62458500
vkCode: 160, pressed: 0, sysTime: 62458609
vkCode: 32, pressed: 0, sysTime: 62458640
vkCode: 160, pressed: 1, sysTime: 62460156
vkCode: 160, pressed: 0, sysTime: 62460281
vkCode: 32, pressed: 1, sysTime: 62461000
vkCode: 32, pressed: 0, sysTime: 62461234
vkCode: 160, pressed: 1, sysTime: 62461484
vkCode: 160, pressed: 0, sysTime: 62461640
vkCode: 160, pressed: 1, sysTime: 62461968
vkCode: 160, pressed: 0, sysTime: 62462125
vkCode: 79, pressed: 1, sysTime: 62467734
vkCode: 75, pressed: 1, sysTime: 62467828
vkCode: 79, pressed: 0, sysTime: 62467890
vkCode: 75, pressed: 0, sysTime: 62467921
vkCode: 65, pressed: 1, sysTime: 62467937
vkCode: 65, pressed: 0, sysTime: 62468062
vkCode: 89, pressed: 1, sysTime: 62468093
vkCode: 32, pressed: 1, sysTime: 62468125
vkCode: 89, pressed: 0, sysTime: 62468187
vkCode: 84, pressed: 1, sysTime: 62468281
vkCode: 32, pressed: 0, sysTime: 62468312
vkCode: 72, pressed: 1, sysTime: 62468359
vkCode: 84, pressed: 0, sysTime: 62468359
vkCode: 72, pressed: 0, sysTime: 62468453
vkCode: 69, pressed: 1, sysTime: 62468500
vkCode: 32, pressed: 1, sysTime: 62468500
vkCode: 69, pressed: 0, sysTime: 62468593
vkCode: 32, pressed: 0, sysTime: 62468656
vkCode: 76, pressed: 1, sysTime: 62468656
vkCode: 76, pressed: 0, sysTime: 62468750
vkCode: 79, pressed: 1, sysTime: 62468843
vkCode: 71, pressed: 1, sysTime: 62468906
vkCode: 79, pressed: 0, sysTime: 62468921
vkCode: 71, pressed: 0, sysTime: 62469015
vkCode: 73, pressed: 1, sysTime: 62469031
vkCode: 73, pressed: 0, sysTime: 62469171
vkCode: 67, pressed: 1, sysTime: 62469203
vkCode: 67, pressed: 0, sysTime: 62469328
vkCode: 32, pressed: 1, sysTime: 62469328
vkCode: 32, pressed: 0, sysTime: 62469453
vkCode: 73, pressed: 1, sysTime: 62470640
vkCode: 83, pressed: 1, sysTime: 62470703
vkCode: 73, pressed: 0, sysTime: 62470734
vkCode: 83, pressed: 0, sysTime: 62470796
vkCode: 32, pressed: 1, sysTime: 62470812
vkCode: 32, pressed: 0, sysTime: 62470921
vkCode: 79, pressed: 1, sysTime: 62470937
vkCode: 86, pressed: 1, sysTime: 62470984
vkCode: 79, pressed: 0, sysTime: 62471062
vkCode: 86, pressed: 0, sysTime: 62471125
vkCode: 69, pressed: 1, sysTime: 62471218
vkCode: 69, pressed: 0, sysTime: 62471312
vkCode: 82, pressed: 1, sysTime: 62471406
vkCode: 82, pressed: 0, sysTime: 62471531
vkCode: 76, pressed: 1, sysTime: 62471531
vkCode: 76, pressed: 0, sysTime: 62471656
vkCode: 89, pressed: 1, sysTime: 62471718
vkCode: 32, pressed: 1, sysTime: 62471812
vkCode: 89, pressed: 0, sysTime: 62471843
vkCode: 32, pressed: 0, sysTime: 62471937
vkCode: 70, pressed: 1, sysTime: 62471937
vkCode: 70, pressed: 0, sysTime: 62472031
vkCode: 76, pressed: 1, sysTime: 62472062
vkCode: 76, pressed: 0, sysTime: 62472203
vkCode: 65, pressed: 1, sysTime: 62472406
vkCode: 65, pressed: 0, sysTime: 62472468
vkCode: 87, pressed: 1, sysTime: 62472593
vkCode: 87, pressed: 0, sysTime: 62472687
vkCode: 69, pressed: 1, sysTime: 62472781
vkCode: 69, pressed: 0, sysTime: 62472875
vkCode: 68, pressed: 1, sysTime: 62472968
vkCode: 32, pressed: 1, sysTime: 62473062
vkCode: 68, pressed: 0, sysTime: 62473109
vkCode: 32, pressed: 0, sysTime: 62473218
vkCode: 83, pressed: 1, sysTime: 62475406
vkCode: 79, pressed: 1, sysTime: 62475500
vkCode: 83, pressed: 0, sysTime: 62475546
vkCode: 77, pressed: 1, sysTime: 62475609
vkCode: 69, pressed: 1, sysTime: 62475703
vkCode: 79, pressed: 0, sysTime: 62475734
vkCode: 77, pressed: 0, sysTime: 62475734
vkCode: 69, pressed: 0, sysTime: 62475796
vkCode: 84, pressed: 1, sysTime: 62475890
vkCode: 73, pressed: 1, sysTime: 62476000
vkCode: 84, pressed: 0, sysTime: 62476000
vkCode: 73, pressed: 0, sysTime: 62476140
vkCode: 77, pressed: 1, sysTime: 62476156
vkCode: 69, pressed: 1, sysTime: 62476187
vkCode: 77, pressed: 0, sysTime: 62476281
vkCode: 69, pressed: 0, sysTime: 62476312
vkCode: 8, pressed: 1, sysTime: 62477296
vkCode: 8, pressed: 1, sysTime: 62477796
vkCode: 8, pressed: 1, sysTime: 62477828
vkCode: 8, pressed: 1, sysTime: 62477859
vkCode: 8, pressed: 1, sysTime: 62477906
vkCode: 8, pressed: 1, sysTime: 62477937
vkCode: 8, pressed: 0, sysTime: 62477953
vkCode: 8, pressed: 1, sysTime: 62478078
vkCode: 8, pressed: 0, sysTime: 62478187
vkCode: 8, pressed: 1, sysTime: 62478296
vkCode: 8, pressed: 0, sysTime: 62478531
vkCode: 73, pressed: 1, sysTime: 62478984
vkCode: 84, pressed: 1, sysTime: 62479078
vkCode: 73, pressed: 0, sysTime: 62479140
vkCode: 84, pressed: 0, sysTime: 62479171
vkCode: 32, pressed: 1, sysTime: 62479187
vkCode: 68, pressed: 1, sysTime: 62479296
vkCode: 32, pressed: 0, sysTime: 62479328
vkCode: 68, pressed: 0, sysTime: 62479406
vkCode: 79, pressed: 1, sysTime: 62479406
vkCode: 69, pressed: 1, sysTime: 62479515
vkCode: 79, pressed: 0, sysTime: 62479562
vkCode: 69, pressed: 0, sysTime: 62479625
vkCode: 83, pressed: 1, sysTime: 62479750
vkCode: 83, pressed: 0, sysTime: 62479843
vkCode: 78, pressed: 1, sysTime: 62479906
vkCode: 78, pressed: 0, sysTime: 62480031
vkCode: 84, pressed: 1, sysTime: 62480031
vkCode: 84, pressed: 0, sysTime: 62480156
vkCode: 32, pressed: 1, sysTime: 62480156
vkCode: 32, pressed: 0, sysTime: 62480281
vkCode: 83, pressed: 1, sysTime: 62480281
vkCode: 83, pressed: 0, sysTime: 62480406
vkCode: 84, pressed: 1, sysTime: 62480500
vkCode: 65, pressed: 1, sysTime: 62480562
vkCode: 84, pressed: 0, sysTime: 62480625
vkCode: 65, pressed: 0, sysTime: 62480656
vkCode: 82, pressed: 1, sysTime: 62480734
vkCode: 82, pressed: 0, sysTime: 62480812
vkCode: 84, pressed: 1, sysTime: 62480921
vkCode: 82, pressed: 1, sysTime: 62480953
vkCode: 82, pressed: 0, sysTime: 62480984
vkCode: 84, pressed: 0, sysTime: 62481140
vkCode: 8, pressed: 1, sysTime: 62481468
vkCode: 32, pressed: 1, sysTime: 62481593
vkCode: 8, pressed: 0, sysTime: 62481625
vkCode: 84, pressed: 1, sysTime: 62481656
vkCode: 32, pressed: 0, sysTime: 62481734
vkCode: 84, pressed: 0, sysTime: 62481765
vkCode: 72, pressed: 1, sysTime: 62481765
vkCode: 69, pressed: 1, sysTime: 62481859
vkCode: 72, pressed: 0, sysTime: 62481859
vkCode: 32, pressed: 1, sysTime: 62481921
vkCode: 69, pressed: 0, sysTime: 62481968
vkCode: 83, pressed: 1, sysTime: 62482062
vkCode: 32, pressed: 0, sysTime: 62482093
vkCode: 83, pressed: 0, sysTime: 62482156
vkCode: 85, pressed: 1, sysTime: 62482156
vkCode: 85, pressed: 0, sysTime: 62482250
vkCode: 80, pressed: 1, sysTime: 62482343
vkCode: 69, pressed: 1, sysTime: 62482406
vkCode: 80, pressed: 0, sysTime: 62482468
vkCode: 69, pressed: 0, sysTime: 62482515
vkCode: 82, pressed: 1, sysTime: 62482609
vkCode: 82, pressed: 0, sysTime: 62482703
vkCode: 32, pressed: 1, sysTime: 62482703
vkCode: 71, pressed: 1, sysTime: 62482859
vkCode: 32, pressed: 0, sysTime: 62482890
vkCode: 76, pressed: 1, sysTime: 62482921
vkCode: 71, pressed: 0, sysTime: 62482968
vkCode: 73, pressed: 1, sysTime: 62483046
vkCode: 68, pressed: 1, sysTime: 62483187
vkCode: 73, pressed: 0, sysTime: 62483187
vkCode: 76, pressed: 0, sysTime: 62483218
vkCode: 68, pressed: 0, sysTime: 62483250
vkCode: 69, pressed: 1, sysTime: 62483406
vkCode: 69, pressed: 0, sysTime: 62483562
vkCode: 32, pressed: 1, sysTime: 62483656
vkCode: 32, pressed: 0, sysTime: 62483812
vkCode: 74, pressed: 1, sysTime: 62483828
vkCode: 74, pressed: 0, sysTime: 62483906
vkCode: 85, pressed: 1, sysTime: 62484031
vkCode: 85, pressed: 0, sysTime: 62484125
vkCode: 77, pressed: 1, sysTime: 62484281
vkCode: 77, pressed: 0, sysTime: 62484343
vkCode: 80, pressed: 1, sysTime: 62484500
vkCode: 80, pressed: 0, sysTime: 62484625
vkCode: 32, pressed: 1, sysTime: 62484625
vkCode: 32, pressed: 0, sysTime: 62484750
vkCode: 84, pressed: 1, sysTime: 62484750
vkCode: 72, pressed: 1, sysTime: 62484843
vkCode: 84, pressed: 0, sysTime: 62484875
vkCode: 72, pressed: 0, sysTime: 62484937
vkCode: 73, pressed: 1, sysTime: 62484937
vkCode: 78, pressed: 1, sysTime: 62485093
vkCode: 73, pressed: 0, sysTime: 62485125
vkCode: 71, pressed: 1, sysTime: 62485171
vkCode: 78, pressed: 0, sysTime: 62485203
vkCode: 71, pressed: 0, sysTime: 62485265
vkCode: 69, pressed: 1, sysTime: 62485390
vkCode: 69, pressed: 0, sysTime: 62485484
vkCode: 82, pressed: 1, sysTime: 62485578
vkCode: 82, pressed: 0, sysTime: 62485671
vkCode: 32, pressed: 1, sysTime: 62485671
vkCode: 32, pressed: 0, sysTime: 62485828
vkCode: 8, pressed: 1, sysTime: 62486156
vkCode: 8, pressed: 0, sysTime: 62486281
vkCode: 8, pressed: 1, sysTime: 62486343
vkCode: 8, pressed: 0, sysTime: 62486468
vkCode: 8, pressed: 1, sysTime: 62486562
vkCode: 89, pressed: 1, sysTime: 62486625
vkCode: 8, pressed: 0, sysTime: 62486687
vkCode: 89, pressed: 0, sysTime: 62486718
vkCode: 32, pressed: 1, sysTime: 62486734
vkCode: 32, pressed: 0, sysTime: 62486890
vkCode: 65, pressed: 1, sysTime: 62486984
vkCode: 65, pressed: 0, sysTime: 62487078
vkCode: 70, pressed: 1, sysTime: 62487109
vkCode: 84, pressed: 1, sysTime: 62487203
vkCode: 70, pressed: 0, sysTime: 62487218
vkCode: 69, pressed: 1, sysTime: 62487328
vkCode: 84, pressed: 0, sysTime: 62487359
vkCode: 69, pressed: 0, sysTime: 62487406
vkCode: 82, pressed: 1, sysTime: 62487500
vkCode: 82, pressed: 0, sysTime: 62487593
vkCode: 32, pressed: 1, sysTime: 62487593
vkCode: 83, pressed: 1, sysTime: 62487718
vkCode: 32, pressed: 0, sysTime: 62487781
vkCode: 83, pressed: 0, sysTime: 62487781
vkCode: 65, pressed: 1, sysTime: 62487906
vkCode: 89, pressed: 1, sysTime: 62487968
vkCode: 65, pressed: 0, sysTime: 62488000
vkCode: 89, pressed: 0, sysTime: 62488062
vkCode: 73, pressed: 1, sysTime: 62488156
vkCode: 78, pressed: 1, sysTime: 62488281
vkCode: 73, pressed: 0, sysTime: 62488375
vkCode: 32, pressed: 1, sysTime: 62488421
vkCode: 78, pressed: 0, sysTime: 62488453
vkCode: 32, pressed: 0, sysTime: 62488609
vkCode: 73, pressed: 1, sysTime: 62489531
vkCode: 32, pressed: 1, sysTime: 62489609
vkCode: 73, pressed: 0, sysTime: 62489625
vkCode: 80, pressed: 1, sysTime: 62489781
vkCode: 32, pressed: 0, sysTime: 62489781
vkCode: 219, pressed: 1, sysTime: 62489796
vkCode: 82, pressed: 1, sysTime: 62489843
vkCode: 219, pressed: 0, sysTime: 62489859
vkCode: 80, pressed: 0, sysTime: 62489890
vkCode: 82, pressed: 0, sysTime: 62489953
vkCode: 69, pressed: 1, sysTime: 62490078
vkCode: 69, pressed: 0, sysTime: 62490171
vkCode: 8, pressed: 1, sysTime: 62490203
vkCode: 8, pressed: 0, sysTime: 62490296
vkCode: 8, pressed: 1, sysTime: 62490390
vkCode: 8, pressed: 0, sysTime: 62490484
vkCode: 8, pressed: 1, sysTime: 62490593
vkCode: 69, pressed: 1, sysTime: 62490640
vkCode: 8, pressed: 0, sysTime: 62490734
vkCode: 69, pressed: 0, sysTime: 62490750
vkCode: 83, pressed: 1, sysTime: 62490828
vkCode: 83, pressed: 0, sysTime: 62490937
vkCode: 83, pressed: 1, sysTime: 62491015
vkCode: 83, pressed: 0, sysTime: 62491093
vkCode: 69, pressed: 1, sysTime: 62491187
vkCode: 69, pressed: 0, sysTime: 62491281
vkCode: 8, pressed: 1, sysTime: 62491406
vkCode: 8, pressed: 0, sysTime: 62491531
vkCode: 8, pressed: 1, sysTime: 62491609
vkCode: 8, pressed: 0, sysTime: 62491687
vkCode: 8, pressed: 1, sysTime: 62491796
vkCode: 8, pressed: 0, sysTime: 62491875
vkCode: 8, pressed: 1, sysTime: 62491984
vkCode: 82, pressed: 1, sysTime: 62492093
vkCode: 8, pressed: 0, sysTime: 62492125
vkCode: 82, pressed: 0, sysTime: 62492156
vkCode: 69, pressed: 1, sysTime: 62492281
vkCode: 69, pressed: 0, sysTime: 62492406
vkCode: 83, pressed: 1, sysTime: 62492531
vkCode: 83, pressed: 0, sysTime: 62492593
vkCode: 83, pressed: 1, sysTime: 62492687
vkCode: 83, pressed: 0, sysTime: 62492750
vkCode: 69, pressed: 1, sysTime: 62492843
vkCode: 69, pressed: 0, sysTime: 62492937
vkCode: 68, pressed: 1, sysTime: 62493046
vkCode: 68, pressed: 0, sysTime: 62493125
vkCode: 32, pressed: 1, sysTime: 62493203
vkCode: 67, pressed: 1, sysTime: 62493296
vkCode: 32, pressed: 0, sysTime: 62493328
vkCode: 67, pressed: 0, sysTime: 62493390
vkCode: 79, pressed: 1, sysTime: 62493609
vkCode: 79, pressed: 0, sysTime: 62493687
vkCode: 82, pressed: 1, sysTime: 62493703
vkCode: 82, pressed: 0, sysTime: 62493796
vkCode: 8, pressed: 1, sysTime: 62493953
vkCode: 8, pressed: 0, sysTime: 62494015
vkCode: 8, pressed: 1, sysTime: 62494109
vkCode: 8, pressed: 0, sysTime: 62494234
vkCode: 82, pressed: 1, sysTime: 62494234
vkCode: 82, pressed: 0, sysTime: 62494328
vkCode: 79, pressed: 1, sysTime: 62494484
vkCode: 79, pressed: 0, sysTime: 62494640
vkCode: 85, pressed: 1, sysTime: 62494640
vkCode: 85, pressed: 0, sysTime: 62494765
vkCode: 67, pressed: 1, sysTime: 62494781
vkCode: 67, pressed: 0, sysTime: 62494859
vkCode: 72, pressed: 1, sysTime: 62494859
vkCode: 72, pressed: 0, sysTime: 62495015
vkCode: 32, pressed: 1, sysTime: 62495015
vkCode: 84, pressed: 1, sysTime: 62495109
vkCode: 32, pressed: 0, sysTime: 62495140
vkCode: 84, pressed: 0, sysTime: 62495234
vkCode: 79, pressed: 1, sysTime: 62495234
vkCode: 79, pressed: 0, sysTime: 62495296
vkCode: 79, pressed: 1, sysTime: 62495375
vkCode: 32, pressed: 1, sysTime: 62495484
vkCode: 79, pressed: 0, sysTime: 62495531
vkCode: 69, pressed: 1, sysTime: 62495609
vkCode: 32, pressed: 0, sysTime: 62495656
vkCode: 69, pressed: 0, sysTime: 62495750
vkCode: 65, pressed: 1, sysTime: 62495875
vkCode: 65, pressed: 0, sysTime: 62495937
vkCode: 82, pressed: 1, sysTime: 62496062
vkCode: 76, pressed: 1, sysTime: 62496156
vkCode: 82, pressed: 0, sysTime: 62496218
vkCode: 76, pressed: 0, sysTime: 62496343
vkCode: 89, pressed: 1, sysTime: 62496437
vkCode: 32, pressed: 1, sysTime: 62496531
vkCode: 89, pressed: 0, sysTime: 62496562
vkCode: 32, pressed: 0, sysTime: 62496671
vkCode: 65, pressed: 1, sysTime: 62496703
vkCode: 65, pressed: 0, sysTime: 62496796
vkCode: 83, pressed: 1, sysTime: 62496890
vkCode: 83, pressed: 0, sysTime: 62497015
vkCode: 8, pressed: 1, sysTime: 62497250
vkCode: 8, pressed: 0, sysTime: 62497343
vkCode: 76, pressed: 1, sysTime: 62497468
vkCode: 83, pressed: 1, sysTime: 62497531
vkCode: 76, pressed: 0, sysTime: 62497562
vkCode: 83, pressed: 0, sysTime: 62497640
vkCode: 79, pressed: 1, sysTime: 62497687
vkCode: 32, pressed: 1, sysTime: 62497796
vkCode: 79, pressed: 0, sysTime: 62497828
vkCode: 32, pressed: 0, sysTime: 62497953
vkCode: 73, pressed: 1, sysTime: 62498093
vkCode: 32, pressed: 1, sysTime: 62498203
vkCode: 73, pressed: 0, sysTime: 62498234
vkCode: 32, pressed: 0, sysTime: 62498359
vkCode: 8, pressed: 1, sysTime: 62498718
vkCode: 83, pressed: 1, sysTime: 62498843
vkCode: 8, pressed: 0, sysTime: 62498875
vkCode: 32, pressed: 1, sysTime: 62498875
vkCode: 83, pressed: 0, sysTime: 62498953
vkCode: 73, pressed: 1, sysTime: 62499078
vkCode: 32, pressed: 0, sysTime: 62499109
vkCode: 73, pressed: 0, sysTime: 62499171
vkCode: 84, pressed: 1, sysTime: 62499171
vkCode: 84, pressed: 0, sysTime: 62499296
vkCode: 32, pressed: 1, sysTime: 62499312
vkCode: 32, pressed: 0, sysTime: 62499484
vkCode: 68, pressed: 1, sysTime: 62499687
vkCode: 79, pressed: 1, sysTime: 62499765
vkCode: 68, pressed: 0, sysTime: 62499796
vkCode: 79, pressed: 0, sysTime: 62499859
vkCode: 73, pressed: 1, sysTime: 62499953
vkCode: 78, pressed: 1, sysTime: 62500046
vkCode: 73, pressed: 0, sysTime: 62500109
vkCode: 78, pressed: 0, sysTime: 62500171
vkCode: 71, pressed: 1, sysTime: 62500171
vkCode: 71, pressed: 0, sysTime: 62500265
vkCode: 32, pressed: 1, sysTime: 62500281
vkCode: 32, pressed: 0, sysTime: 62500359
vkCode: 84, pressed: 1, sysTime: 62500359
vkCode: 72, pressed: 1, sysTime: 62500437
vkCode: 84, pressed: 0, sysTime: 62500468
vkCode: 72, pressed: 0, sysTime: 62500531
vkCode: 69, pressed: 1, sysTime: 62500562
vkCode: 32, pressed: 1, sysTime: 62500625
vkCode: 69, pressed: 0, sysTime: 62500640
vkCode: 32, pressed: 0, sysTime: 62500781
vkCode: 83, pressed: 1, sysTime: 62500796
vkCode: 83, pressed: 0, sysTime: 62500875
vkCode: 65, pressed: 1, sysTime: 62500968
vkCode: 65, pressed: 0, sysTime: 62501062
vkCode: 77, pressed: 1, sysTime: 62501078
vkCode: 77, pressed: 0, sysTime: 62501203
vkCode: 69, pressed: 1, sysTime: 62501203
vkCode: 69, pressed: 0, sysTime: 62501312
vkCode: 32, pressed: 1, sysTime: 62501328
vkCode: 32, pressed: 0, sysTime: 62501468
vkCode: 67, pressed: 1, sysTime: 62501484
vkCode: 67, pressed: 0, sysTime: 62501593
vkCode: 65, pressed: 1, sysTime: 62501718
vkCode: 65, pressed: 0, sysTime: 62501828
vkCode: 76, pressed: 1, sysTime: 62501828
vkCode: 76, pressed: 0, sysTime: 62501968
vkCode: 67, pressed: 1, sysTime: 62501984
vkCode: 67, pressed: 0, sysTime: 62502093
vkCode: 85, pressed: 1, sysTime: 62502093
vkCode: 85, pressed: 0, sysTime: 62502218
vkCode: 76, pressed: 1, sysTime: 62502718
vkCode: 65, pressed: 1, sysTime: 62502875
vkCode: 76, pressed: 0, sysTime: 62502906
vkCode: 65, pressed: 0, sysTime: 62503031
vkCode: 84, pressed: 1, sysTime: 62503046
vkCode: 73, pressed: 1, sysTime: 62503171
vkCode: 84, pressed: 0, sysTime: 62503203
vkCode: 73, pressed: 0, sysTime: 62503265
vkCode: 79, pressed: 1, sysTime: 62503281
vkCode: 78, pressed: 1, sysTime: 62503421
vkCode: 79, pressed: 0, sysTime: 62503468
vkCode: 78, pressed: 0, sysTime: 62503562
vkCode: 83, pressed: 1, sysTime: 62503562
vkCode: 32, pressed: 1, sysTime: 62503656
vkCode: 83, pressed: 0, sysTime: 62503656
vkCode: 32, pressed: 0, sysTime: 62503781
vkCode: 65, pressed: 1, sysTime: 62503781
vkCode: 65, pressed: 0, sysTime: 62503937
vkCode: 83, pressed: 1, sysTime: 62503968
vkCode: 83, pressed: 0, sysTime: 62504062
vkCode: 83, pressed: 1, sysTime: 62504125
vkCode: 83, pressed: 0, sysTime: 62504250
vkCode: 32, pressed: 1, sysTime: 62504281
vkCode: 32, pressed: 0, sysTime: 62504437
vkCode: 84, pressed: 1, sysTime: 62504453
vkCode: 79, pressed: 1, sysTime: 62504531
vkCode: 84, pressed: 0, sysTime: 62504578
vkCode: 79, pressed: 0, sysTime: 62504640
vkCode: 79, pressed: 1, sysTime: 62504734
vkCode: 79, pressed: 0, sysTime: 62504796
vkCode: 76, pressed: 1, sysTime: 62505234
vkCode: 76, pressed: 0, sysTime: 62505343
vkCode: 190, pressed: 1, sysTime: 62505453
vkCode: 190, pressed: 0, sysTime: 62505546
vkCode: 80, pressed: 1, sysTime: 62505703
vkCode: 80, pressed: 0, sysTime: 62505796
vkCode: 83, pressed: 1, sysTime: 62505812
vkCode: 83, pressed: 0, sysTime: 62505890
vkCode: 49, pressed: 1, sysTime: 62506140
vkCode: 49, pressed: 0, sysTime: 62506265
vkCode: 160, pressed: 1, sysTime: 62506421
vkCode: 191, pressed: 1, sysTime: 62506765
vkCode: 160, pressed: 0, sysTime: 62506875
vkCode: 191, pressed: 0, sysTime: 62506875
vkCode: 32, pressed: 1, sysTime: 62506937
vkCode: 32, pressed: 0, sysTime: 62507031
vkCode: 84, pressed: 1, sysTime: 62508953
vkCode: 84, pressed: 0, sysTime: 62509078
vkCode: 79, pressed: 1, sysTime: 62509140
vkCode: 79, pressed: 0, sysTime: 62509203
vkCode: 79, pressed: 1, sysTime: 62509265
vkCode: 79, pressed: 0, sysTime: 62509359
vkCode: 76, pressed: 1, sysTime: 62509421
vkCode: 76, pressed: 0, sysTime: 62509531
vkCode: 160, pressed: 1, sysTime: 62537921
vkCode: 160, pressed: 1, sysTime: 62538437
vkCode: 160, pressed: 1, sysTime: 62538468
vkCode: 160, pressed: 1, sysTime: 62538500
vkCode: 160, pressed: 1, sysTime: 62538531
vkCode: 160, pressed: 1, sysTime: 62538562
vkCode: 160, pressed: 1, sysTime: 62538593
vkCode: 160, pressed: 1, sysTime: 62538640
vkCode: 160, pressed: 1, sysTime: 62538671
vkCode: 160, pressed: 1, sysTime: 62538703
vkCode: 160, pressed: 1, sysTime: 62538734
vkCode: 160, pressed: 1, sysTime: 62538765
vkCode: 160, pressed: 1, sysTime: 62538796
vkCode: 160, pressed: 1, sysTime: 62538828
vkCode: 160, pressed: 1, sysTime: 62538859
vkCode: 160, pressed: 1, sysTime: 62538906
vkCode: 160, pressed: 1, sysTime: 62538937
vkCode: 160, pressed: 1, sysTime: 62538968
vkCode: 160, pressed: 1, sysTime: 62538984
vkCode: 160, pressed: 1, sysTime: 62539015
vkCode: 160, pressed: 1, sysTime: 62539062
vkCode: 160, pressed: 1, sysTime: 62539078
vkCode: 160, pressed: 1, sysTime: 62539125
vkCode: 160, pressed: 1, sysTime: 62539156
vkCode: 160, pressed: 1, sysTime: 62539187
vkCode: 160, pressed: 1, sysTime: 62539218
vkCode: 160, pressed: 1, sysTime: 62539250
vkCode: 160, pressed: 1, sysTime: 62539281
vkCode: 160, pressed: 1, sysTime: 62539312
vkCode: 160, pressed: 1, sysTime: 62539343
vkCode: 160, pressed: 1, sysTime: 62539390
vkCode: 160, pressed: 1, sysTime: 62539421
vkCode: 160, pressed: 1, sysTime: 62539453
vkCode: 160, pressed: 1, sysTime: 62539484
vkCode: 160, pressed: 1, sysTime: 62539515
vkCode: 160, pressed: 1, sysTime: 62539546
vkCode: 160, pressed: 1, sysTime: 62539578
vkCode: 160, pressed: 1, sysTime: 62539609
vkCode: 160, pressed: 1, sysTime: 62539656
vkCode: 160, pressed: 1, sysTime: 62539687
vkCode: 160, pressed: 1, sysTime: 62539718
vkCode: 160, pressed: 1, sysTime: 62539750
vkCode: 160, pressed: 1, sysTime: 62539781
vkCode: 160, pressed: 1, sysTime: 62539812
vkCode: 160, pressed: 1, sysTime: 62539843
vkCode: 160, pressed: 1, sysTime: 62539875
vkCode: 160, pressed: 1, sysTime: 62539921
vkCode: 160, pressed: 1, sysTime: 62539953
vkCode: 160, pressed: 1, sysTime: 62539984
vkCode: 160, pressed: 1, sysTime: 62540015
vkCode: 160, pressed: 1, sysTime: 62540046
vkCode: 160, pressed: 1, sysTime: 62540078
vkCode: 160, pressed: 1, sysTime: 62540109
vkCode: 160, pressed: 0, sysTime: 62540140
vkCode: 68, pressed: 1, sysTime: 62540531
vkCode: 79, pressed: 1, sysTime: 62540625
vkCode: 68, pressed: 0, sysTime: 62540656
vkCode: 32, pressed: 1, sysTime: 62540750
vkCode: 79, pressed: 0, sysTime: 62540796
vkCode: 32, pressed: 0, sysTime: 62540906
vkCode: 84, pressed: 1, sysTime: 62541390
vkCode: 84, pressed: 0, sysTime: 62541484
vkCode: 72, pressed: 1, sysTime: 62541484
vkCode: 69, pressed: 1, sysTime: 62541609
vkCode: 72, pressed: 0, sysTime: 62541640
vkCode: 69, pressed: 0, sysTime: 62541734
vkCode: 32, pressed: 1, sysTime: 62541750
vkCode: 70, pressed: 1, sysTime: 62541828
vkCode: 32, pressed: 0, sysTime: 62541906
vkCode: 70, pressed: 0, sysTime: 62541968
vkCode: 73, pressed: 1, sysTime: 62541968
vkCode: 82, pressed: 1, sysTime: 62542062
vkCode: 73, pressed: 0, sysTime: 62542093
vkCode: 82, pressed: 0, sysTime: 62542125
vkCode: 83, pressed: 1, sysTime: 62542250
vkCode: 83, pressed: 0, sysTime: 62542375
vkCode: 84, pressed: 1, sysTime: 62542375
vkCode: 84, pressed: 0, sysTime: 62542531
vkCode: 32, pressed: 1, sysTime: 62542531
vkCode: 32, pressed: 0, sysTime: 62542718
vkCode: 13, pressed: 1, sysTime: 62543218
vkCode: 13, pressed: 0, sysTime: 62543421
vkCode: 38, pressed: 1, sysTime: 62600453
vkCode: 38, pressed: 0, sysTime: 62600546
vkCode: 13, pressed: 1, sysTime: 62601328
vkCode: 32, pressed: 1, sysTime: 62606234
vkCode: 32, pressed: 1, sysTime: 62606734
vkCode: 32, pressed: 1, sysTime: 62606781
vkCode: 32, pressed: 1, sysTime: 62606812
vkCode: 32, pressed: 0, sysTime: 62606828
vkCode: 160, pressed: 1, sysTime: 62607093
vkCode: 160, pressed: 0, sysTime: 62607484
vkCode: 49, pressed: 1, sysTime: 62609593
vkCode: 49, pressed: 0, sysTime: 62609750
vkCode: 52, pressed: 1, sysTime: 62609953
vkCode: 52, pressed: 0, sysTime: 62610046
vkCode: 52, pressed: 1, sysTime: 62610109
vkCode: 52, pressed: 0, sysTime: 62610234
vkCode: 13, pressed: 1, sysTime: 62610234
vkCode: 13, pressed: 0, sysTime: 62610296
vkCode: 32, pressed: 1, sysTime: 62612187
vkCode: 160, pressed: 1, sysTime: 62612234
vkCode: 160, pressed: 0, sysTime: 62612390
vkCode: 32, pressed: 0, sysTime: 62612390
vkCode: 32, pressed: 1, sysTime: 62613187
vkCode: 160, pressed: 1, sysTime: 62613281
vkCode: 160, pressed: 0, sysTime: 62613406
vkCode: 32, pressed: 0, sysTime: 62613421
vkCode: 32, pressed: 1, sysTime: 62615859
vkCode: 32, pressed: 0, sysTime: 62615953
vkCode: 160, pressed: 1, sysTime: 62616578
vkCode: 32, pressed: 1, sysTime: 62616593
vkCode: 160, pressed: 0, sysTime: 62616734
vkCode: 32, pressed: 0, sysTime: 62616750
vkCode: 32, pressed: 1, sysTime: 62618218
vkCode: 32, pressed: 0, sysTime: 62618312
vkCode: 160, pressed: 1, sysTime: 62619031
vkCode: 32, pressed: 1, sysTime: 62619031
vkCode: 32, pressed: 0, sysTime: 62619265
vkCode: 160, pressed: 0, sysTime: 62619312
vkCode: 32, pressed: 1, sysTime: 62620875
vkCode: 32, pressed: 0, sysTime: 62621031
vkCode: 160, pressed: 1, sysTime: 62621390
vkCode: 32, pressed: 1, sysTime: 62621390
vkCode: 32, pressed: 0, sysTime: 62621640
vkCode: 160, pressed: 0, sysTime: 62621671
vkCode: 32, pressed: 1, sysTime: 62622500
vkCode: 32, pressed: 0, sysTime: 62622656
vkCode: 32, pressed: 1, sysTime: 62622984
vkCode: 160, pressed: 1, sysTime: 62623000
vkCode: 160, pressed: 0, sysTime: 62623406
vkCode: 32, pressed: 0, sysTime: 62623421
vkCode: 32, pressed: 1, sysTime: 62625421
vkCode: 32, pressed: 0, sysTime: 62625578
vkCode: 160, pressed: 1, sysTime: 62625906
vkCode: 32, pressed: 1, sysTime: 62625906
vkCode: 160, pressed: 0, sysTime: 62626187
vkCode: 32, pressed: 0, sysTime: 62626187
vkCode: 32, pressed: 1, sysTime: 62627078
vkCode: 32, pressed: 0, sysTime: 62627234
vkCode: 160, pressed: 1, sysTime: 62628062
vkCode: 32, pressed: 1, sysTime: 62628062
vkCode: 160, pressed: 0, sysTime: 62628359
vkCode: 32, pressed: 0, sysTime: 62628421
vkCode: 32, pressed: 1, sysTime: 62629078
vkCode: 32, pressed: 0, sysTime: 62629234
vkCode: 160, pressed: 1, sysTime: 62629593
vkCode: 32, pressed: 1, sysTime: 62629593
vkCode: 160, pressed: 0, sysTime: 62629921
vkCode: 32, pressed: 0, sysTime: 62629953
vkCode: 32, pressed: 1, sysTime: 62630406
vkCode: 32, pressed: 0, sysTime: 62630562
vkCode: 32, pressed: 1, sysTime: 62630687
vkCode: 160, pressed: 1, sysTime: 62630718
vkCode: 160, pressed: 0, sysTime: 62630937
vkCode: 32, pressed: 0, sysTime: 62630968
vkCode: 32, pressed: 1, sysTime: 62631796
vkCode: 32, pressed: 0, sysTime: 62631984
vkCode: 32, pressed: 1, sysTime: 62632109
vkCode: 160, pressed: 1, sysTime: 62632125
vkCode: 160, pressed: 0, sysTime: 62632484
vkCode: 32, pressed: 0, sysTime: 62632484
vkCode: 32, pressed: 1, sysTime: 62633078
vkCode: 32, pressed: 0, sysTime: 62633203
vkCode: 160, pressed: 1, sysTime: 62633328
vkCode: 32, pressed: 1, sysTime: 62633328
vkCode: 32, pressed: 0, sysTime: 62633562
vkCode: 160, pressed: 0, sysTime: 62633609
vkCode: 32, pressed: 1, sysTime: 62633968
vkCode: 32, pressed: 0, sysTime: 62634125
vkCode: 160, pressed: 1, sysTime: 62634218
vkCode: 32, pressed: 1, sysTime: 62634218
vkCode: 160, pressed: 0, sysTime: 62634421
vkCode: 32, pressed: 0, sysTime: 62634437
vkCode: 164, pressed: 1, sysTime: 62644015
vkCode: 9, pressed: 1, sysTime: 62644062
vkCode: 164, pressed: 0, sysTime: 62644140
vkCode: 9, pressed: 0, sysTime: 62644187
vkCode: 65, pressed: 1, sysTime: 62651531
vkCode: 65, pressed: 0, sysTime: 62651687
vkCode: 76, pressed: 1, sysTime: 62651890
vkCode: 82, pressed: 1, sysTime: 62652046
vkCode: 76, pressed: 0, sysTime: 62652078
vkCode: 73, pressed: 1, sysTime: 62652156
vkCode: 82, pressed: 0, sysTime: 62652156
vkCode: 73, pressed: 0, sysTime: 62652281
vkCode: 71, pressed: 1, sysTime: 62652312
vkCode: 71, pressed: 0, sysTime: 62652406
vkCode: 72, pressed: 1, sysTime: 62652406
vkCode: 72, pressed: 0, sysTime: 62652531
vkCode: 84, pressed: 1, sysTime: 62652531
vkCode: 84, pressed: 0, sysTime: 62652625
vkCode: 32, pressed: 1, sysTime: 62652625
vkCode: 76, pressed: 1, sysTime: 62652718
vkCode: 32, pressed: 0, sysTime: 62652765
vkCode: 76, pressed: 0, sysTime: 62652781
vkCode: 79, pressed: 1, sysTime: 62652906
vkCode: 86, pressed: 1, sysTime: 62652984
vkCode: 79, pressed: 0, sysTime: 62653015
vkCode: 86, pressed: 0, sysTime: 62653046
vkCode: 69, pressed: 1, sysTime: 62653171
vkCode: 32, pressed: 1, sysTime: 62653265
vkCode: 69, pressed: 0, sysTime: 62653281
vkCode: 73, pressed: 1, sysTime: 62653343
vkCode: 32, pressed: 0, sysTime: 62653406
vkCode: 84, pressed: 1, sysTime: 62653437
vkCode: 73, pressed: 0, sysTime: 62653453
vkCode: 84, pressed: 0, sysTime: 62653546
vkCode: 32, pressed: 1, sysTime: 62653546
vkCode: 32, pressed: 0, sysTime: 62653640
vkCode: 80, pressed: 1, sysTime: 62653640
vkCode: 80, pressed: 0, sysTime: 62653781
vkCode: 85, pressed: 1, sysTime: 62654671
vkCode: 83, pressed: 1, sysTime: 62654750
vkCode: 85, pressed: 0, sysTime: 62654781
vkCode: 72, pressed: 1, sysTime: 62654875
vkCode: 83, pressed: 0, sysTime: 62654906
vkCode: 32, pressed: 1, sysTime: 62654968
vkCode: 72, pressed: 0, sysTime: 62654984
vkCode: 84, pressed: 1, sysTime: 62655078
vkCode: 32, pressed: 0, sysTime: 62655109
vkCode: 72, pressed: 1, sysTime: 62655171
vkCode: 84, pressed: 0, sysTime: 62655203
vkCode: 72, pressed: 0, sysTime: 62655265
vkCode: 73, pressed: 1, sysTime: 62655265
vkCode: 73, pressed: 0, sysTime: 62655390
vkCode: 83, pressed: 1, sysTime: 62655406
vkCode: 32, pressed: 1, sysTime: 62655484
vkCode: 83, pressed: 0, sysTime: 62655531
vkCode: 32, pressed: 0, sysTime: 62655625
vkCode: 84, pressed: 1, sysTime: 62655687
vkCode: 84, pressed: 0, sysTime: 62655828
vkCode: 79, pressed: 1, sysTime: 62655937
vkCode: 32, pressed: 1, sysTime: 62656031
vkCode: 79, pressed: 0, sysTime: 62656062
vkCode: 77, pressed: 1, sysTime: 62656156
vkCode: 32, pressed: 0, sysTime: 62656187
vkCode: 77, pressed: 0, sysTime: 62656250
vkCode: 89, pressed: 1, sysTime: 62656328
vkCode: 32, pressed: 1, sysTime: 62656437
vkCode: 89, pressed: 0, sysTime: 62656453
vkCode: 32, pressed: 0, sysTime: 62656593
vkCode: 68, pressed: 1, sysTime: 62656609
vkCode: 68, pressed: 0, sysTime: 62656703
vkCode: 79, pressed: 1, sysTime: 62656734
vkCode: 67, pressed: 1, sysTime: 62656828
vkCode: 79, pressed: 0, sysTime: 62656859
vkCode: 75, pressed: 1, sysTime: 62656921
vkCode: 67, pressed: 0, sysTime: 62656968
vkCode: 75, pressed: 0, sysTime: 62657000
vkCode: 73, pressed: 1, sysTime: 62657125
vkCode: 78, pressed: 1, sysTime: 62657187
vkCode: 73, pressed: 0, sysTime: 62657250
vkCode: 71, pressed: 1, sysTime: 62657281
vkCode: 78, pressed: 0, sysTime: 62657328
vkCode: 71, pressed: 0, sysTime: 62657406
vkCode: 32, pressed: 1, sysTime: 62657421
vkCode: 32, pressed: 0, sysTime: 62657515
vkCode: 66, pressed: 1, sysTime: 62657593
vkCode: 82, pressed: 1, sysTime: 62657671
vkCode: 66, pressed: 0, sysTime: 62657703
vkCode: 82, pressed: 0, sysTime: 62657765
vkCode: 65, pressed: 1, sysTime: 62657921
vkCode: 65, pressed: 0, sysTime: 62658015
vkCode: 78, pressed: 1, sysTime: 62658046
vkCode: 78, pressed: 0, sysTime: 62658140
vkCode: 67, pressed: 1, sysTime: 62658187
vkCode: 67, pressed: 0, sysTime: 62658328
vkCode: 72, pressed: 1, sysTime: 62658421
vkCode: 32, pressed: 1, sysTime: 62658546
vkCode: 72, pressed: 0, sysTime: 62658578
vkCode: 73, pressed: 1, sysTime: 62658640
vkCode: 32, pressed: 0, sysTime: 62658718
vkCode: 78, pressed: 1, sysTime: 62658781
vkCode: 73, pressed: 0, sysTime: 62658812
vkCode: 32, pressed: 1, sysTime: 62658843
vkCode: 78, pressed: 0, sysTime: 62658890
vkCode: 32, pressed: 0, sysTime: 62658984
vkCode: 71, pressed: 1, sysTime: 62659078
vkCode: 73, pressed: 1, sysTime: 62659171
vkCode: 71, pressed: 0, sysTime: 62659203
vkCode: 73, pressed: 0, sysTime: 62659296
vkCode: 84, pressed: 1, sysTime: 62659296
vkCode: 84, pressed: 0, sysTime: 62659421
vkCode: 72, pressed: 1, sysTime: 62659421
vkCode: 72, pressed: 0, sysTime: 62659515
vkCode: 85, pressed: 1, sysTime: 62659546
vkCode: 66, pressed: 1, sysTime: 62659671
vkCode: 85, pressed: 0, sysTime: 62659703
vkCode: 66, pressed: 0, sysTime: 62659781
vkCode: 13, pressed: 1, sysTime: 62661046
vkCode: 13, pressed: 0, sysTime: 62661140
vkCode: 164, pressed: 1, sysTime: 62681828
vkCode: 9, pressed: 1, sysTime: 62681875
vkCode: 164, pressed: 0, sysTime: 62681953
vkCode: 9, pressed: 0, sysTime: 62682015
vkCode: 45, pressed: 1, sysTime: 62682515
vkCode: 45, pressed: 0, sysTime: 62682609
vkCode: 160, pressed: 1, sysTime: 62696984
vkCode: 78, pressed: 1, sysTime: 62697406
vkCode: 78, pressed: 0, sysTime: 62697500
vkCode: 160, pressed: 0, sysTime: 62697531
vkCode: 79, pressed: 1, sysTime: 62697593
vkCode: 79, pressed: 0, sysTime: 62697718
vkCode: 32, pressed: 1, sysTime: 62697718
vkCode: 80, pressed: 1, sysTime: 62697843
vkCode: 32, pressed: 0, sysTime: 62697859
vkCode: 80, pressed: 0, sysTime: 62697937
vkCode: 79, pressed: 1, sysTime: 62698062
vkCode: 79, pressed: 0, sysTime: 62698156
vkCode: 73, pressed: 1, sysTime: 62698703
vkCode: 78, pressed: 1, sysTime: 62698796
vkCode: 73, pressed: 0, sysTime: 62698859
vkCode: 84, pressed: 1, sysTime: 62698859
vkCode: 78, pressed: 0, sysTime: 62698921
vkCode: 84, pressed: 0, sysTime: 62698984
vkCode: 32, pressed: 1, sysTime: 62699015
vkCode: 32, pressed: 0, sysTime: 62699140
vkCode: 79, pressed: 1, sysTime: 62699156
vkCode: 70, pressed: 1, sysTime: 62699234
vkCode: 79, pressed: 0, sysTime: 62699281
vkCode: 70, pressed: 0, sysTime: 62699343
vkCode: 32, pressed: 1, sysTime: 62699343
vkCode: 32, pressed: 0, sysTime: 62699500
vkCode: 84, pressed: 1, sysTime: 62699500
vkCode: 84, pressed: 0, sysTime: 62699562
vkCode: 72, pressed: 1, sysTime: 62699562
vkCode: 72, pressed: 0, sysTime: 62699687
vkCode: 73, pressed: 1, sysTime: 62699703
vkCode: 83, pressed: 1, sysTime: 62699781
vkCode: 73, pressed: 0, sysTime: 62699812
vkCode: 32, pressed: 1, sysTime: 62699890
vkCode: 83, pressed: 0, sysTime: 62699921
vkCode: 32, pressed: 0, sysTime: 62700015
vkCode: 83, pressed: 1, sysTime: 62700015
vkCode: 83, pressed: 0, sysTime: 62700078
vkCode: 69, pressed: 1, sysTime: 62700171
vkCode: 69, pressed: 0, sysTime: 62700265
vkCode: 84, pressed: 1, sysTime: 62700390
vkCode: 84, pressed: 0, sysTime: 62700484
vkCode: 84, pressed: 1, sysTime: 62700546
vkCode: 73, pressed: 1, sysTime: 62700609
vkCode: 84, pressed: 0, sysTime: 62700640
vkCode: 78, pressed: 1, sysTime: 62700718
vkCode: 73, pressed: 0, sysTime: 62700781
vkCode: 71, pressed: 1, sysTime: 62700781
vkCode: 78, pressed: 0, sysTime: 62700812
vkCode: 71, pressed: 0, sysTime: 62700875
vkCode: 83, pressed: 1, sysTime: 62701000
vkCode: 83, pressed: 0, sysTime: 62701093
vkCode: 32, pressed: 1, sysTime: 62701109
vkCode: 32, pressed: 0, sysTime: 62701250
vkCode: 84, pressed: 1, sysTime: 62701250
vkCode: 84, pressed: 0, sysTime: 62701343
vkCode: 8, pressed: 1, sysTime: 62701968
vkCode: 8, pressed: 0, sysTime: 62702031
vkCode: 66, pressed: 1, sysTime: 62702156
vkCode: 66, pressed: 0, sysTime: 62702250
vkCode: 85, pressed: 1, sysTime: 62702437
vkCode: 85, pressed: 0, sysTime: 62702562
vkCode: 84, pressed: 1, sysTime: 62702562
vkCode: 84, pressed: 0, sysTime: 62702656
vkCode: 84, pressed: 1, sysTime: 62702750
vkCode: 79, pressed: 1, sysTime: 62702812
vkCode: 84, pressed: 0, sysTime: 62702828
vkCode: 79, pressed: 0, sysTime: 62702906
vkCode: 78, pressed: 1, sysTime: 62702984
vkCode: 32, pressed: 1, sysTime: 62703078
vkCode: 78, pressed: 0, sysTime: 62703109
vkCode: 32, pressed: 0, sysTime: 62703203
vkCode: 72, pressed: 1, sysTime: 62703234
vkCode: 69, pressed: 1, sysTime: 62703296
vkCode: 72, pressed: 0, sysTime: 62703343
vkCode: 69, pressed: 0, sysTime: 62703375
vkCode: 82, pressed: 1, sysTime: 62703468
vkCode: 82, pressed: 0, sysTime: 62703562
vkCode: 69, pressed: 1, sysTime: 62703656
vkCode: 69, pressed: 0, sysTime: 62703750
vkCode: 160, pressed: 1, sysTime: 62722328
vkCode: 160, pressed: 1, sysTime: 62722843
vkCode: 160, pressed: 1, sysTime: 62722875
vkCode: 160, pressed: 1, sysTime: 62722906
vkCode: 160, pressed: 1, sysTime: 62722937
vkCode: 160, pressed: 1, sysTime: 62722968
vkCode: 160, pressed: 1, sysTime: 62723000
vkCode: 160, pressed: 1, sysTime: 62723031
vkCode: 160, pressed: 1, sysTime: 62723062
vkCode: 160, pressed: 1, sysTime: 62723093
vkCode: 160, pressed: 1, sysTime: 62723140
vkCode: 160, pressed: 1, sysTime: 62723171
vkCode: 160, pressed: 1, sysTime: 62723203
vkCode: 160, pressed: 1, sysTime: 62723234
vkCode: 160, pressed: 1, sysTime: 62723265
vkCode: 160, pressed: 1, sysTime: 62723296
vkCode: 73, pressed: 1, sysTime: 62723312
vkCode: 160, pressed: 0, sysTime: 62723375
vkCode: 73, pressed: 0, sysTime: 62723406
vkCode: 84, pressed: 1, sysTime: 62723515
vkCode: 84, pressed: 0, sysTime: 62723656
vkCode: 83, pressed: 1, sysTime: 62724171
vkCode: 83, pressed: 0, sysTime: 62724328
vkCode: 32, pressed: 1, sysTime: 62724359
vkCode: 32, pressed: 0, sysTime: 62724578
vkCode: 82, pressed: 1, sysTime: 62725312
vkCode: 82, pressed: 0, sysTime: 62725375
vkCode: 69, pressed: 1, sysTime: 62725500
vkCode: 69, pressed: 0, sysTime: 62725593
vkCode: 83, pressed: 1, sysTime: 62725718
vkCode: 83, pressed: 0, sysTime: 62725812
vkCode: 73, pressed: 1, sysTime: 62725906
vkCode: 73, pressed: 0, sysTime: 62726031
vkCode: 90, pressed: 1, sysTime: 62726031
vkCode: 90, pressed: 0, sysTime: 62726125
vkCode: 69, pressed: 1, sysTime: 62726250
vkCode: 69, pressed: 0, sysTime: 62726375
vkCode: 65, pressed: 1, sysTime: 62726500
vkCode: 65, pressed: 0, sysTime: 62726625
vkCode: 66, pressed: 1, sysTime: 62726718
vkCode: 66, pressed: 0, sysTime: 62726812
vkCode: 76, pressed: 1, sysTime: 62726937
vkCode: 69, pressed: 1, sysTime: 62727000
vkCode: 76, pressed: 0, sysTime: 62727062
vkCode: 69, pressed: 0, sysTime: 62727093
vkCode: 32, pressed: 1, sysTime: 62727109
vkCode: 32, pressed: 0, sysTime: 62727218
vkCode: 66, pressed: 1, sysTime: 62727250
vkCode: 66, pressed: 0, sysTime: 62727359
vkCode: 85, pressed: 1, sysTime: 62727437
vkCode: 84, pressed: 1, sysTime: 62727515
vkCode: 85, pressed: 0, sysTime: 62727515
vkCode: 32, pressed: 1, sysTime: 62727578
vkCode: 84, pressed: 0, sysTime: 62727609
vkCode: 78, pressed: 1, sysTime: 62727671
vkCode: 32, pressed: 0, sysTime: 62727718
vkCode: 78, pressed: 0, sysTime: 62727781
vkCode: 79, pressed: 1, sysTime: 62727875
vkCode: 84, pressed: 1, sysTime: 62727968
vkCode: 79, pressed: 0, sysTime: 62727984
vkCode: 84, pressed: 0, sysTime: 62728062
vkCode: 32, pressed: 1, sysTime: 62728109
vkCode: 32, pressed: 0, sysTime: 62728218
vkCode: 68, pressed: 1, sysTime: 62728234
vkCode: 68, pressed: 0, sysTime: 62728328
vkCode: 82, pressed: 1, sysTime: 62728406
vkCode: 82, pressed: 0, sysTime: 62728453
vkCode: 65, pressed: 1, sysTime: 62728593
vkCode: 65, pressed: 0, sysTime: 62728734
vkCode: 71, pressed: 1, sysTime: 62728734
vkCode: 71, pressed: 0, sysTime: 62728843
vkCode: 65, pressed: 1, sysTime: 62729390
vkCode: 65, pressed: 0, sysTime: 62729484
vkCode: 66, pressed: 1, sysTime: 62729484
vkCode: 66, pressed: 0, sysTime: 62729578
vkCode: 76, pressed: 1, sysTime: 62729734
vkCode: 69, pressed: 1, sysTime: 62729828
vkCode: 76, pressed: 0, sysTime: 62729828
vkCode: 69, pressed: 0, sysTime: 62729921
vkCode: 13, pressed: 1, sysTime: 62730078
vkCode: 13, pressed: 0, sysTime: 62730203
vkCode: 27, pressed: 1, sysTime: 62730890
vkCode: 27, pressed: 0, sysTime: 62731000
vkCode: 162, pressed: 1, sysTime: 62755687
vkCode: 90, pressed: 1, sysTime: 62755875
vkCode: 90, pressed: 0, sysTime: 62756000
vkCode: 90, pressed: 1, sysTime: 62756156
vkCode: 90, pressed: 0, sysTime: 62756250
vkCode: 90, pressed: 1, sysTime: 62756343
vkCode: 90, pressed: 0, sysTime: 62756468
vkCode: 90, pressed: 1, sysTime: 62756671
vkCode: 90, pressed: 0, sysTime: 62756796
vkCode: 162, pressed: 0, sysTime: 62757187
vkCode: 160, pressed: 1, sysTime: 62764921
vkCode: 87, pressed: 1, sysTime: 62765078
vkCode: 87, pressed: 0, sysTime: 62765203
vkCode: 160, pressed: 0, sysTime: 62765265
vkCode: 73, pressed: 1, sysTime: 62765765
vkCode: 68, pressed: 1, sysTime: 62765843
vkCode: 73, pressed: 0, sysTime: 62765875
vkCode: 68, pressed: 0, sysTime: 62765968
vkCode: 71, pressed: 1, sysTime: 62766031
vkCode: 71, pressed: 0, sysTime: 62766125
vkCode: 69, pressed: 1, sysTime: 62766140
vkCode: 69, pressed: 0, sysTime: 62766281
vkCode: 84, pressed: 1, sysTime: 62766296
vkCode: 84, pressed: 0, sysTime: 62766406
vkCode: 83, pressed: 1, sysTime: 62766421
vkCode: 83, pressed: 0, sysTime: 62766515
vkCode: 32, pressed: 1, sysTime: 62766546
vkCode: 65, pressed: 1, sysTime: 62766640
vkCode: 32, pressed: 0, sysTime: 62766671
vkCode: 65, pressed: 0, sysTime: 62766703
vkCode: 76, pressed: 1, sysTime: 62766890
vkCode: 76, pressed: 0, sysTime: 62767015
vkCode: 83, pressed: 1, sysTime: 62767015
vkCode: 83, pressed: 0, sysTime: 62767140
vkCode: 79, pressed: 1, sysTime: 62767171
vkCode: 32, pressed: 1, sysTime: 62767265
vkCode: 79, pressed: 0, sysTime: 62767296
vkCode: 32, pressed: 0, sysTime: 62767421
vkCode: 8, pressed: 1, sysTime: 62768281
vkCode: 8, pressed: 1, sysTime: 62768796
vkCode: 8, pressed: 1, sysTime: 62768828
vkCode: 8, pressed: 0, sysTime: 62768859
vkCode: 8, pressed: 1, sysTime: 62768984
vkCode: 8, pressed: 0, sysTime: 62769078
vkCode: 8, pressed: 1, sysTime: 62769171
vkCode: 8, pressed: 0, sysTime: 62769281
vkCode: 68, pressed: 1, sysTime: 62769531
vkCode: 68, pressed: 0, sysTime: 62769593
vkCode: 82, pressed: 1, sysTime: 62769750
vkCode: 82, pressed: 0, sysTime: 62769812
vkCode: 65, pressed: 1, sysTime: 62769906
vkCode: 65, pressed: 0, sysTime: 62770031
vkCode: 71, pressed: 1, sysTime: 62770031
vkCode: 71, pressed: 0, sysTime: 62770156
vkCode: 65, pressed: 1, sysTime: 62770312
vkCode: 66, pressed: 1, sysTime: 62770437
vkCode: 65, pressed: 0, sysTime: 62770468
vkCode: 66, pressed: 0, sysTime: 62770531
vkCode: 76, pressed: 1, sysTime: 62770765
vkCode: 69, pressed: 1, sysTime: 62770890
vkCode: 76, pressed: 0, sysTime: 62770937
vkCode: 32, pressed: 1, sysTime: 62770968
vkCode: 69, pressed: 0, sysTime: 62770968
vkCode: 32, pressed: 0, sysTime: 62771125
vkCode: 66, pressed: 1, sysTime: 62771171
vkCode: 66, pressed: 0, sysTime: 62771250
vkCode: 85, pressed: 1, sysTime: 62771265
vkCode: 85, pressed: 0, sysTime: 62771375
vkCode: 84, pressed: 1, sysTime: 62771375
vkCode: 32, pressed: 1, sysTime: 62771437
vkCode: 84, pressed: 0, sysTime: 62771515
vkCode: 78, pressed: 1, sysTime: 62771515
vkCode: 32, pressed: 0, sysTime: 62771578
vkCode: 78, pressed: 0, sysTime: 62771640
vkCode: 79, pressed: 1, sysTime: 62771671
vkCode: 79, pressed: 0, sysTime: 62771812
vkCode: 84, pressed: 1, sysTime: 62771812
vkCode: 84, pressed: 0, sysTime: 62771890
vkCode: 32, pressed: 1, sysTime: 62772046
vkCode: 82, pressed: 1, sysTime: 62772140
vkCode: 32, pressed: 0, sysTime: 62772250
vkCode: 82, pressed: 0, sysTime: 62772250
vkCode: 69, pressed: 1, sysTime: 62772328
vkCode: 69, pressed: 0, sysTime: 62772437
vkCode: 83, pressed: 1, sysTime: 62772546
vkCode: 83, pressed: 0, sysTime: 62772671
vkCode: 73, pressed: 1, sysTime: 62773093
vkCode: 90, pressed: 1, sysTime: 62773156
vkCode: 73, pressed: 0, sysTime: 62773187
vkCode: 90, pressed: 0, sysTime: 62773265
vkCode: 69, pressed: 1, sysTime: 62773375
vkCode: 69, pressed: 0, sysTime: 62773484
vkCode: 65, pressed: 1, sysTime: 62773593
vkCode: 66, pressed: 1, sysTime: 62773671
vkCode: 65, pressed: 0, sysTime: 62773703
vkCode: 66, pressed: 0, sysTime: 62773765
vkCode: 76, pressed: 1, sysTime: 62773921
vkCode: 69, pressed: 1, sysTime: 62773984
vkCode: 76, pressed: 0, sysTime: 62774015
vkCode: 69, pressed: 0, sysTime: 62774109
vkCode: 190, pressed: 1, sysTime: 62774203
vkCode: 190, pressed: 0, sysTime: 62774328
vkCode: 27, pressed: 1, sysTime: 62775218
vkCode: 27, pressed: 0, sysTime: 62775312
vkCode: 162, pressed: 1, sysTime: 62791796
vkCode: 162, pressed: 1, sysTime: 62792312
vkCode: 162, pressed: 1, sysTime: 62792343
vkCode: 162, pressed: 1, sysTime: 62792375
vkCode: 162, pressed: 1, sysTime: 62792406
vkCode: 162, pressed: 1, sysTime: 62792453
vkCode: 162, pressed: 1, sysTime: 62792484
vkCode: 162, pressed: 1, sysTime: 62792515
vkCode: 162, pressed: 1, sysTime: 62792546
vkCode: 162, pressed: 1, sysTime: 62792578
vkCode: 162, pressed: 1, sysTime: 62792609
vkCode: 162, pressed: 1, sysTime: 62792640
vkCode: 162, pressed: 1, sysTime: 62792687
vkCode: 162, pressed: 1, sysTime: 62792718
vkCode: 162, pressed: 1, sysTime: 62792750
vkCode: 162, pressed: 1, sysTime: 62792781
vkCode: 162, pressed: 1, sysTime: 62792812
vkCode: 162, pressed: 1, sysTime: 62792843
vkCode: 162, pressed: 1, sysTime: 62792875
vkCode: 162, pressed: 1, sysTime: 62792906
vkCode: 162, pressed: 1, sysTime: 62792937
vkCode: 162, pressed: 1, sysTime: 62792984
vkCode: 162, pressed: 1, sysTime: 62793015
vkCode: 162, pressed: 1, sysTime: 62793046
vkCode: 162, pressed: 1, sysTime: 62793078
vkCode: 162, pressed: 1, sysTime: 62793093
vkCode: 162, pressed: 1, sysTime: 62793140
vkCode: 162, pressed: 1, sysTime: 62793171
vkCode: 162, pressed: 1, sysTime: 62793203
vkCode: 162, pressed: 0, sysTime: 62793234
vkCode: 162, pressed: 1, sysTime: 62798156
vkCode: 162, pressed: 1, sysTime: 62798671
vkCode: 162, pressed: 1, sysTime: 62798703
vkCode: 162, pressed: 1, sysTime: 62798734
vkCode: 162, pressed: 1, sysTime: 62798765
vkCode: 162, pressed: 1, sysTime: 62798812
vkCode: 162, pressed: 1, sysTime: 62798843
vkCode: 162, pressed: 1, sysTime: 62798875
vkCode: 162, pressed: 1, sysTime: 62798906
vkCode: 162, pressed: 1, sysTime: 62798937
vkCode: 162, pressed: 1, sysTime: 62798953
vkCode: 162, pressed: 1, sysTime: 62798984
vkCode: 162, pressed: 1, sysTime: 62799015
vkCode: 162, pressed: 1, sysTime: 62799062
vkCode: 162, pressed: 1, sysTime: 62799093
vkCode: 162, pressed: 1, sysTime: 62799125
vkCode: 162, pressed: 1, sysTime: 62799156
vkCode: 162, pressed: 1, sysTime: 62799187
vkCode: 162, pressed: 1, sysTime: 62799234
vkCode: 67, pressed: 1, sysTime: 62799234
vkCode: 67, pressed: 0, sysTime: 62799406
vkCode: 162, pressed: 0, sysTime: 62800265
vkCode: 162, pressed: 1, sysTime: 62801015
vkCode: 86, pressed: 1, sysTime: 62801109
vkCode: 86, pressed: 0, sysTime: 62801234
vkCode: 162, pressed: 0, sysTime: 62801296
vkCode: 82, pressed: 1, sysTime: 62802062
vkCode: 82, pressed: 0, sysTime: 62802171
vkCode: 69, pressed: 1, sysTime: 62802296
vkCode: 69, pressed: 0, sysTime: 62802390
vkCode: 65, pressed: 1, sysTime: 62802500
vkCode: 65, pressed: 0, sysTime: 62802609
vkCode: 68, pressed: 1, sysTime: 62802718
vkCode: 68, pressed: 0, sysTime: 62802828
vkCode: 32, pressed: 1, sysTime: 62803203
vkCode: 32, pressed: 0, sysTime: 62803390
vkCode: 83, pressed: 1, sysTime: 62803578
vkCode: 83, pressed: 0, sysTime: 62803671
vkCode: 83, pressed: 1, sysTime: 62803765
vkCode: 83, pressed: 0, sysTime: 62803859
vkCode: 164, pressed: 1, sysTime: 62808250
vkCode: 9, pressed: 1, sysTime: 62808359
vkCode: 9, pressed: 0, sysTime: 62808484
vkCode: 164, pressed: 0, sysTime: 62810578
vkCode: 164, pressed: 1, sysTime: 62811125
vkCode: 164, pressed: 0, sysTime: 62811484
vkCode: 160, pressed: 1, sysTime: 62855265
vkCode: 65, pressed: 1, sysTime: 62855390
vkCode: 160, pressed: 0, sysTime: 62855546
vkCode: 65, pressed: 0, sysTime: 62855546
vkCode: 67, pressed: 1, sysTime: 62855640
vkCode: 67, pressed: 0, sysTime: 62855765
vkCode: 67, pressed: 1, sysTime: 62855828
vkCode: 67, pressed: 0, sysTime: 62855953
vkCode: 32, pressed: 1, sysTime: 62856140
vkCode: 68, pressed: 1, sysTime: 62856250
vkCode: 32, pressed: 0, sysTime: 62856328
vkCode: 68, pressed: 0, sysTime: 62856359
vkCode: 79, pressed: 1, sysTime: 62856359
vkCode: 79, pressed: 0, sysTime: 62856484
vkCode: 78, pressed: 1, sysTime: 62856546
vkCode: 84, pressed: 1, sysTime: 62856640
vkCode: 78, pressed: 0, sysTime: 62856656
vkCode: 84, pressed: 0, sysTime: 62856734
vkCode: 32, pressed: 1, sysTime: 62856750
vkCode: 32, pressed: 0, sysTime: 62856859
vkCode: 82, pressed: 1, sysTime: 62856875
vkCode: 82, pressed: 0, sysTime: 62856921
vkCode: 69, pressed: 1, sysTime: 62857031
vkCode: 69, pressed: 0, sysTime: 62857140
vkCode: 77, pressed: 1, sysTime: 62857156
vkCode: 77, pressed: 0, sysTime: 62857218
vkCode: 79, pressed: 1, sysTime: 62857281
vkCode: 86, pressed: 1, sysTime: 62857375
vkCode: 79, pressed: 0, sysTime: 62857406
vkCode: 86, pressed: 0, sysTime: 62857500
vkCode: 69, pressed: 1, sysTime: 62857593
vkCode: 69, pressed: 0, sysTime: 62857718
vkCode: 32, pressed: 1, sysTime: 62858281
vkCode: 32, pressed: 0, sysTime: 62858406
vkCode: 84, pressed: 1, sysTime: 62858421
vkCode: 84, pressed: 0, sysTime: 62858500
vkCode: 72, pressed: 1, sysTime: 62858546
vkCode: 69, pressed: 1, sysTime: 62858625
vkCode: 72, pressed: 0, sysTime: 62858671
vkCode: 69, pressed: 0, sysTime: 62858734
vkCode: 32, pressed: 1, sysTime: 62858734
vkCode: 32, pressed: 0, sysTime: 62858859
vkCode: 83, pressed: 1, sysTime: 62858859
vkCode: 83, pressed: 0, sysTime: 62858953
vkCode: 69, pressed: 1, sysTime: 62859046
vkCode: 69, pressed: 0, sysTime: 62859140
vkCode: 84, pressed: 1, sysTime: 62859265
vkCode: 84, pressed: 0, sysTime: 62859359
vkCode: 84, pressed: 1, sysTime: 62859421
vkCode: 73, pressed: 1, sysTime: 62859500
vkCode: 84, pressed: 0, sysTime: 62859531
vkCode: 78, pressed: 1, sysTime: 62859593
vkCode: 73, pressed: 0, sysTime: 62859656
vkCode: 78, pressed: 0, sysTime: 62859718
vkCode: 71, pressed: 1, sysTime: 62859734
vkCode: 71, pressed: 0, sysTime: 62859812
vkCode: 83, pressed: 1, sysTime: 62859968
vkCode: 83, pressed: 0, sysTime: 62860093
vkCode: 32, pressed: 1, sysTime: 62860453
vkCode: 32, pressed: 0, sysTime: 62860578
vkCode: 66, pressed: 1, sysTime: 62860609
vkCode: 85, pressed: 1, sysTime: 62860703
vkCode: 66, pressed: 0, sysTime: 62860734
vkCode: 84, pressed: 1, sysTime: 62860781
vkCode: 85, pressed: 0, sysTime: 62860812
vkCode: 84, pressed: 0, sysTime: 62860875
vkCode: 84, pressed: 1, sysTime: 62860937
vkCode: 79, pressed: 1, sysTime: 62861031
vkCode: 84, pressed: 0, sysTime: 62861078
vkCode: 79, pressed: 0, sysTime: 62861140
vkCode: 78, pressed: 1, sysTime: 62861171
vkCode: 32, pressed: 1, sysTime: 62861265
vkCode: 78, pressed: 0, sysTime: 62861281
vkCode: 32, pressed: 0, sysTime: 62861390
vkCode: 66, pressed: 1, sysTime: 62861406
vkCode: 66, pressed: 0, sysTime: 62861515
vkCode: 85, pressed: 1, sysTime: 62861515
vkCode: 84, pressed: 1, sysTime: 62861609
vkCode: 85, pressed: 0, sysTime: 62861640
vkCode: 84, pressed: 0, sysTime: 62861703
vkCode: 32, pressed: 1, sysTime: 62861718
vkCode: 32, pressed: 0, sysTime: 62861843
vkCode: 68, pressed: 1, sysTime: 62861875
vkCode: 79, pressed: 1, sysTime: 62861937
vkCode: 68, pressed: 0, sysTime: 62861968
vkCode: 32, pressed: 1, sysTime: 62862031
vkCode: 79, pressed: 0, sysTime: 62862031
vkCode: 32, pressed: 0, sysTime: 62862187
vkCode: 69, pressed: 1, sysTime: 62862218
vkCode: 69, pressed: 0, sysTime: 62862343
vkCode: 86, pressed: 1, sysTime: 62862859
vkCode: 66, pressed: 1, sysTime: 62862890
vkCode: 66, pressed: 0, sysTime: 62862921
vkCode: 69, pressed: 1, sysTime: 62862937
vkCode: 86, pressed: 0, sysTime: 62862968
vkCode: 69, pressed: 0, sysTime: 62863031
vkCode: 82, pressed: 1, sysTime: 62863125
vkCode: 82, pressed: 0, sysTime: 62863218
vkCode: 89, pressed: 1, sysTime: 62863250
vkCode: 89, pressed: 0, sysTime: 62863281
vkCode: 8, pressed: 1, sysTime: 62863531
vkCode: 8, pressed: 0, sysTime: 62863625
vkCode: 8, pressed: 1, sysTime: 62863718
vkCode: 8, pressed: 0, sysTime: 62863812
vkCode: 8, pressed: 1, sysTime: 62863937
vkCode: 8, pressed: 0, sysTime: 62864031
vkCode: 8, pressed: 1, sysTime: 62864125
vkCode: 8, pressed: 0, sysTime: 62864218
vkCode: 69, pressed: 1, sysTime: 62864218
vkCode: 69, pressed: 0, sysTime: 62864312
vkCode: 82, pressed: 1, sysTime: 62864406
vkCode: 82, pressed: 0, sysTime: 62864500
vkCode: 89, pressed: 1, sysTime: 62864531
vkCode: 89, pressed: 0, sysTime: 62864656
vkCode: 84, pressed: 1, sysTime: 62864671
vkCode: 84, pressed: 0, sysTime: 62864796
vkCode: 72, pressed: 1, sysTime: 62864796
vkCode: 72, pressed: 0, sysTime: 62864921
vkCode: 73, pressed: 1, sysTime: 62864953
vkCode: 78, pressed: 1, sysTime: 62865046
vkCode: 73, pressed: 0, sysTime: 62865109
vkCode: 78, pressed: 0, sysTime: 62865203
vkCode: 71, pressed: 1, sysTime: 62865203
vkCode: 71, pressed: 0, sysTime: 62865296
vkCode: 32, pressed: 1, sysTime: 62865296
vkCode: 32, pressed: 0, sysTime: 62865421
vkCode: 69, pressed: 1, sysTime: 62865453
vkCode: 82, pressed: 1, sysTime: 62865468
vkCode: 82, pressed: 0, sysTime: 62865546
vkCode: 76, pressed: 1, sysTime: 62865562
vkCode: 69, pressed: 0, sysTime: 62865593
vkCode: 76, pressed: 0, sysTime: 62865625
vkCode: 83, pressed: 1, sysTime: 62866078
vkCode: 83, pressed: 0, sysTime: 62866140
vkCode: 69, pressed: 1, sysTime: 62866234
vkCode: 69, pressed: 0, sysTime: 62866359
vkCode: 32, pressed: 1, sysTime: 62866406
vkCode: 32, pressed: 0, sysTime: 62866578
vkCode: 8, pressed: 1, sysTime: 62866796
vkCode: 8, pressed: 0, sysTime: 62866890
vkCode: 8, pressed: 1, sysTime: 62866984
vkCode: 8, pressed: 0, sysTime: 62867078
vkCode: 8, pressed: 1, sysTime: 62867203
vkCode: 8, pressed: 0, sysTime: 62867296
vkCode: 8, pressed: 1, sysTime: 62867390
vkCode: 8, pressed: 0, sysTime: 62867515
vkCode: 76, pressed: 1, sysTime: 62867578
vkCode: 76, pressed: 0, sysTime: 62867671
vkCode: 8, pressed: 1, sysTime: 62867828
vkCode: 8, pressed: 0, sysTime: 62867890
vkCode: 76, pressed: 1, sysTime: 62868015
vkCode: 76, pressed: 0, sysTime: 62868140
vkCode: 8, pressed: 1, sysTime: 62868234
vkCode: 8, pressed: 0, sysTime: 62868328
vkCode: 8, pressed: 1, sysTime: 62868421
vkCode: 76, pressed: 1, sysTime: 62868515
vkCode: 8, pressed: 0, sysTime: 62868546
vkCode: 76, pressed: 0, sysTime: 62868609
vkCode: 83, pressed: 1, sysTime: 62868640
vkCode: 83, pressed: 0, sysTime: 62868703
vkCode: 69, pressed: 1, sysTime: 62868828
vkCode: 69, pressed: 0, sysTime: 62868921
vkCode: 32, pressed: 1, sysTime: 62868937
vkCode: 80, pressed: 1, sysTime: 62869046
vkCode: 32, pressed: 0, sysTime: 62869078
vkCode: 76, pressed: 1, sysTime: 62869125
vkCode: 80, pressed: 0, sysTime: 62869218
vkCode: 76, pressed: 0, sysTime: 62869250
vkCode: 85, pressed: 1, sysTime: 62869406
vkCode: 85, pressed: 0, sysTime: 62869531
vkCode: 83, pressed: 1, sysTime: 62869828
vkCode: 32, pressed: 1, sysTime: 62869921
vkCode: 83, pressed: 0, sysTime: 62869953
vkCode: 32, pressed: 0, sysTime: 62870078
vkCode: 73, pressed: 1, sysTime: 62870296
vkCode: 73, pressed: 0, sysTime: 62870421
vkCode: 77, pressed: 1, sysTime: 62870515
vkCode: 77, pressed: 0, sysTime: 62870609
vkCode: 71, pressed: 1, sysTime: 62870796
vkCode: 71, pressed: 0, sysTime: 62870921
vkCode: 85, pressed: 1, sysTime: 62870921
vkCode: 85, pressed: 0, sysTime: 62871000
vkCode: 73, pressed: 1, sysTime: 62871109
vkCode: 73, pressed: 0, sysTime: 62871218
vkCode: 190, pressed: 1, sysTime: 62871640
vkCode: 190, pressed: 0, sysTime: 62871734
vkCode: 73, pressed: 1, sysTime: 62871859
vkCode: 73, pressed: 0, sysTime: 62871953
vkCode: 78, pressed: 1, sysTime: 62872109
vkCode: 78, pressed: 0, sysTime: 62872203
vkCode: 73, pressed: 1, sysTime: 62872250
vkCode: 73, pressed: 0, sysTime: 62872328
vkCode: 32, pressed: 1, sysTime: 62872343
vkCode: 32, pressed: 0, sysTime: 62872500
vkCode: 68, pressed: 1, sysTime: 62872593
vkCode: 79, pressed: 1, sysTime: 62872671
vkCode: 68, pressed: 0, sysTime: 62872718
vkCode: 69, pressed: 1, sysTime: 62872781
vkCode: 79, pressed: 0, sysTime: 62872781
vkCode: 69, pressed: 0, sysTime: 62872875
vkCode: 83, pressed: 1, sysTime: 62872968
vkCode: 83, pressed: 0, sysTime: 62873046
vkCode: 78, pressed: 1, sysTime: 62873046
vkCode: 78, pressed: 0, sysTime: 62873171
vkCode: 84, pressed: 1, sysTime: 62873171
vkCode: 32, pressed: 1, sysTime: 62873265
vkCode: 84, pressed: 0, sysTime: 62873296
vkCode: 72, pressed: 1, sysTime: 62873390
vkCode: 32, pressed: 0, sysTime: 62873437
vkCode: 72, pressed: 0, sysTime: 62873484
vkCode: 65, pressed: 1, sysTime: 62873500
vkCode: 65, pressed: 0, sysTime: 62873593
vkCode: 86, pressed: 1, sysTime: 62873625
vkCode: 86, pressed: 0, sysTime: 62873718
vkCode: 69, pressed: 1, sysTime: 62873718
vkCode: 69, pressed: 0, sysTime: 62873781
vkCode: 32, pressed: 1, sysTime: 62873843
vkCode: 32, pressed: 0, sysTime: 62873906
vkCode: 84, pressed: 1, sysTime: 62873937
vkCode: 84, pressed: 0, sysTime: 62874046
vkCode: 79, pressed: 1, sysTime: 62874078
vkCode: 32, pressed: 1, sysTime: 62874109
vkCode: 79, pressed: 0, sysTime: 62874171
vkCode: 32, pressed: 0, sysTime: 62874218
vkCode: 66, pressed: 1, sysTime: 62874296
vkCode: 69, pressed: 1, sysTime: 62874375
vkCode: 66, pressed: 0, sysTime: 62874375
vkCode: 69, pressed: 0, sysTime: 62874468
vkCode: 32, pressed: 1, sysTime: 62874500
vkCode: 32, pressed: 0, sysTime: 62874625
vkCode: 68, pressed: 1, sysTime: 62874671
vkCode: 68, pressed: 0, sysTime: 62874765
vkCode: 69, pressed: 1, sysTime: 62874890
vkCode: 69, pressed: 0, sysTime: 62874968
vkCode: 76, pressed: 1, sysTime: 62875015
vkCode: 69, pressed: 1, sysTime: 62875078
vkCode: 76, pressed: 0, sysTime: 62875140
vkCode: 69, pressed: 0, sysTime: 62875171
vkCode: 84, pressed: 1, sysTime: 62875328
vkCode: 84, pressed: 0, sysTime: 62875421
vkCode: 69, pressed: 1, sysTime: 62875515
vkCode: 69, pressed: 0, sysTime: 62875609
vkCode: 68, pressed: 1, sysTime: 62875796
vkCode: 68, pressed: 0, sysTime: 62875890
vkCode: 32, pressed: 1, sysTime: 62875921
vkCode: 65, pressed: 1, sysTime: 62876046
vkCode: 32, pressed: 0, sysTime: 62876078
vkCode: 65, pressed: 0, sysTime: 62876156
vkCode: 70, pressed: 1, sysTime: 62876328
vkCode: 84, pressed: 1, sysTime: 62876390
vkCode: 70, pressed: 0, sysTime: 62876437
vkCode: 69, pressed: 1, sysTime: 62876500
vkCode: 84, pressed: 0, sysTime: 62876531
vkCode: 69, pressed: 0, sysTime: 62876593
vkCode: 82, pressed: 1, sysTime: 62876687
vkCode: 32, pressed: 1, sysTime: 62876765
vkCode: 82, pressed: 0, sysTime: 62876796
vkCode: 32, pressed: 0, sysTime: 62876968
vkCode: 69, pressed: 1, sysTime: 62877625
vkCode: 69, pressed: 0, sysTime: 62877750
vkCode: 86, pressed: 1, sysTime: 62878078
vkCode: 86, pressed: 0, sysTime: 62878265
vkCode: 69, pressed: 1, sysTime: 62878265
vkCode: 69, pressed: 0, sysTime: 62878453
vkCode: 82, pressed: 1, sysTime: 62879218
vkCode: 82, pressed: 0, sysTime: 62879312
vkCode: 32, pressed: 1, sysTime: 62879375
vkCode: 32, pressed: 0, sysTime: 62879500
vkCode: 8, pressed: 1, sysTime: 62879984
vkCode: 8, pressed: 0, sysTime: 62880109
vkCode: 84, pressed: 1, sysTime: 62880109
vkCode: 84, pressed: 0, sysTime: 62880234
vkCode: 73, pressed: 1, sysTime: 62880234
vkCode: 73, pressed: 0, sysTime: 62880296
vkCode: 77, pressed: 1, sysTime: 62880421
vkCode: 69, pressed: 1, sysTime: 62880484
vkCode: 77, pressed: 0, sysTime: 62880515
vkCode: 69, pressed: 0, sysTime: 62880562
vkCode: 32, pressed: 1, sysTime: 62880562
vkCode: 73, pressed: 1, sysTime: 62880656
vkCode: 32, pressed: 0, sysTime: 62880718
vkCode: 73, pressed: 0, sysTime: 62880781
vkCode: 32, pressed: 1, sysTime: 62880781
vkCode: 32, pressed: 0, sysTime: 62880875
vkCode: 67, pressed: 1, sysTime: 62880875
vkCode: 67, pressed: 0, sysTime: 62880968
vkCode: 76, pressed: 1, sysTime: 62880968
vkCode: 76, pressed: 0, sysTime: 62881062
vkCode: 79, pressed: 1, sysTime: 62881171
vkCode: 83, pressed: 1, sysTime: 62881234
vkCode: 79, pressed: 0, sysTime: 62881296
vkCode: 83, pressed: 0, sysTime: 62881296
vkCode: 69, pressed: 1, sysTime: 62881390
vkCode: 69, pressed: 0, sysTime: 62881484
vkCode: 32, pressed: 1, sysTime: 62881484
vkCode: 84, pressed: 1, sysTime: 62881609
vkCode: 32, pressed: 0, sysTime: 62881640
vkCode: 84, pressed: 0, sysTime: 62881671
vkCode: 72, pressed: 1, sysTime: 62881687
vkCode: 72, pressed: 0, sysTime: 62881765
vkCode: 69, pressed: 1, sysTime: 62881812
vkCode: 69, pressed: 0, sysTime: 62881890
vkCode: 32, pressed: 1, sysTime: 62881906
vkCode: 69, pressed: 1, sysTime: 62882000
vkCode: 32, pressed: 0, sysTime: 62882000
vkCode: 69, pressed: 0, sysTime: 62882062
vkCode: 88, pressed: 1, sysTime: 62882203
vkCode: 88, pressed: 0, sysTime: 62882281
vkCode: 69, pressed: 1, sysTime: 62882406
vkCode: 69, pressed: 0, sysTime: 62882531
vkCode: 13, pressed: 1, sysTime: 62883000
vkCode: 13, pressed: 0, sysTime: 62883156
vkCode: 162, pressed: 1, sysTime: 63007906
vkCode: 67, pressed: 1, sysTime: 63008296
vkCode: 67, pressed: 0, sysTime: 63008421
vkCode: 162, pressed: 0, sysTime: 63008484
vkCode: 162, pressed: 1, sysTime: 63009140
vkCode: 86, pressed: 1, sysTime: 63009265
vkCode: 162, pressed: 0, sysTime: 63009359
vkCode: 86, pressed: 0, sysTime: 63009375
vkCode: 89, pressed: 1, sysTime: 63025015
vkCode: 69, pressed: 1, sysTime: 63025109
vkCode: 89, pressed: 0, sysTime: 63025156
vkCode: 69, pressed: 0, sysTime: 63025187
vkCode: 83, pressed: 1, sysTime: 63025312
vkCode: 83, pressed: 0, sysTime: 63025437
vkCode: 32, pressed: 1, sysTime: 63025437
vkCode: 65, pressed: 1, sysTime: 63025562
vkCode: 32, pressed: 0, sysTime: 63025562
vkCode: 65, pressed: 0, sysTime: 63025625
vkCode: 78, pressed: 1, sysTime: 63025656
vkCode: 68, pressed: 1, sysTime: 63025750
vkCode: 78, pressed: 0, sysTime: 63025765
vkCode: 68, pressed: 0, sysTime: 63025859
vkCode: 32, pressed: 1, sysTime: 63025890
vkCode: 84, pressed: 1, sysTime: 63025984
vkCode: 32, pressed: 0, sysTime: 63026015
vkCode: 72, pressed: 1, sysTime: 63026078
vkCode: 84, pressed: 0, sysTime: 63026125
vkCode: 72, pressed: 0, sysTime: 63026218
vkCode: 69, pressed: 1, sysTime: 63026218
vkCode: 78, pressed: 1, sysTime: 63026343
vkCode: 69, pressed: 0, sysTime: 63026375
vkCode: 32, pressed: 1, sysTime: 63026406
vkCode: 78, pressed: 0, sysTime: 63026437
vkCode: 82, pressed: 1, sysTime: 63026531
vkCode: 32, pressed: 0, sysTime: 63026578
vkCode: 85, pressed: 1, sysTime: 63026609
vkCode: 82, pressed: 0, sysTime: 63026640
vkCode: 85, pressed: 0, sysTime: 63026750
vkCode: 78, pressed: 1, sysTime: 63027046
vkCode: 32, pressed: 1, sysTime: 63027125
vkCode: 78, pressed: 0, sysTime: 63027171
vkCode: 84, pressed: 1, sysTime: 63027265
vkCode: 32, pressed: 0, sysTime: 63027296
vkCode: 84, pressed: 0, sysTime: 63027421
vkCode: 72, pressed: 1, sysTime: 63027453
vkCode: 69, pressed: 1, sysTime: 63027546
vkCode: 72, pressed: 0, sysTime: 63027578
vkCode: 32, pressed: 1, sysTime: 63027656
vkCode: 69, pressed: 0, sysTime: 63027687
vkCode: 32, pressed: 0, sysTime: 63027843
vkCode: 66, pressed: 1, sysTime: 63028468
vkCode: 66, pressed: 0, sysTime: 63028593
vkCode: 85, pressed: 1, sysTime: 63028625
vkCode: 85, pressed: 0, sysTime: 63028718
vkCode: 73, pressed: 1, sysTime: 63028843
vkCode: 73, pressed: 0, sysTime: 63028937
vkCode: 76, pressed: 1, sysTime: 63029093
vkCode: 68, pressed: 1, sysTime: 63029187
vkCode: 76, pressed: 0, sysTime: 63029187
vkCode: 32, pressed: 1, sysTime: 63029281
vkCode: 68, pressed: 0, sysTime: 63029296
vkCode: 80, pressed: 1, sysTime: 63029421
vkCode: 32, pressed: 0, sysTime: 63029453
vkCode: 79, pressed: 1, sysTime: 63029546
vkCode: 80, pressed: 0, sysTime: 63029578
vkCode: 79, pressed: 0, sysTime: 63029640
vkCode: 87, pressed: 1, sysTime: 63029640
vkCode: 87, pressed: 0, sysTime: 63029734
vkCode: 69, pressed: 1, sysTime: 63029828
vkCode: 69, pressed: 0, sysTime: 63029953
vkCode: 82, pressed: 1, sysTime: 63030046
vkCode: 82, pressed: 0, sysTime: 63030109
vkCode: 83, pressed: 1, sysTime: 63030234
vkCode: 72, pressed: 1, sysTime: 63030296
vkCode: 83, pressed: 0, sysTime: 63030328
vkCode: 72, pressed: 0, sysTime: 63030406
vkCode: 69, pressed: 1, sysTime: 63030468
vkCode: 69, pressed: 0, sysTime: 63030593
vkCode: 76, pressed: 1, sysTime: 63030625
vkCode: 76, pressed: 0, sysTime: 63030687
vkCode: 76, pressed: 1, sysTime: 63030781
vkCode: 32, pressed: 1, sysTime: 63030906
vkCode: 76, pressed: 0, sysTime: 63030937
vkCode: 32, pressed: 0, sysTime: 63031031
vkCode: 83, pressed: 1, sysTime: 63031250
vkCode: 83, pressed: 0, sysTime: 63031343
vkCode: 67, pressed: 1, sysTime: 63031437
vkCode: 67, pressed: 0, sysTime: 63031562
vkCode: 82, pressed: 1, sysTime: 63031687
vkCode: 73, pressed: 1, sysTime: 63031781
vkCode: 82, pressed: 0, sysTime: 63031812
vkCode: 73, pressed: 0, sysTime: 63031875
vkCode: 80, pressed: 1, sysTime: 63031968
vkCode: 84, pressed: 1, sysTime: 63032031
vkCode: 80, pressed: 0, sysTime: 63032093
vkCode: 84, pressed: 0, sysTime: 63032171
vkCode: 32, pressed: 1, sysTime: 63032171
vkCode: 32, pressed: 0, sysTime: 63032265
vkCode: 73, pressed: 1, sysTime: 63032296
vkCode: 78, pressed: 1, sysTime: 63032390
vkCode: 73, pressed: 0, sysTime: 63032421
vkCode: 32, pressed: 1, sysTime: 63032468
vkCode: 78, pressed: 0, sysTime: 63032500
vkCode: 32, pressed: 0, sysTime: 63032656
vkCode: 66, pressed: 1, sysTime: 63032890
vkCode: 66, pressed: 0, sysTime: 63032953
vkCode: 85, pressed: 1, sysTime: 63032984
vkCode: 85, pressed: 0, sysTime: 63033093
vkCode: 73, pressed: 1, sysTime: 63033171
vkCode: 73, pressed: 0, sysTime: 63033312
vkCode: 76, pressed: 1, sysTime: 63033421
vkCode: 68, pressed: 1, sysTime: 63033546
vkCode: 76, pressed: 0, sysTime: 63033609
vkCode: 68, pressed: 0, sysTime: 63033718
vkCode: 32, pressed: 1, sysTime: 63033859
vkCode: 32, pressed: 0, sysTime: 63034015
vkCode: 70, pressed: 1, sysTime: 63034046
vkCode: 79, pressed: 1, sysTime: 63034125
vkCode: 70, pressed: 0, sysTime: 63034171
vkCode: 79, pressed: 0, sysTime: 63034218
vkCode: 76, pressed: 1, sysTime: 63034312
vkCode: 68, pressed: 1, sysTime: 63034406
vkCode: 76, pressed: 0, sysTime: 63034421
vkCode: 68, pressed: 0, sysTime: 63034468
vkCode: 69, pressed: 1, sysTime: 63034593
vkCode: 69, pressed: 0, sysTime: 63034687
vkCode: 82, pressed: 1, sysTime: 63034796
vkCode: 82, pressed: 0, sysTime: 63034937
vkCode: 32, pressed: 1, sysTime: 63038484
vkCode: 32, pressed: 0, sysTime: 63038609
vkCode: 13, pressed: 1, sysTime: 63039437
vkCode: 13, pressed: 0, sysTime: 63039703
vkCode: 160, pressed: 1, sysTime: 63065312
vkCode: 70, pressed: 1, sysTime: 63065578
vkCode: 70, pressed: 0, sysTime: 63065671
vkCode: 82, pressed: 1, sysTime: 63065812
vkCode: 82, pressed: 0, sysTime: 63065921
vkCode: 79, pressed: 1, sysTime: 63065937
vkCode: 77, pressed: 1, sysTime: 63066046
vkCode: 79, pressed: 0, sysTime: 63066109
vkCode: 77, pressed: 0, sysTime: 63066187
vkCode: 32, pressed: 1, sysTime: 63066218
vkCode: 73, pressed: 1, sysTime: 63066312
vkCode: 32, pressed: 0, sysTime: 63066375
vkCode: 78, pressed: 1, sysTime: 63066406
vkCode: 73, pressed: 0, sysTime: 63066453
vkCode: 78, pressed: 0, sysTime: 63066546
vkCode: 83, pressed: 1, sysTime: 63066546
vkCode: 83, pressed: 0, sysTime: 63066671
vkCode: 73, pressed: 1, sysTime: 63066671
vkCode: 68, pressed: 1, sysTime: 63066781
vkCode: 73, pressed: 0, sysTime: 63066828
vkCode: 68, pressed: 0, sysTime: 63066890
vkCode: 69, pressed: 1, sysTime: 63066984
vkCode: 69, pressed: 0, sysTime: 63067140
vkCode: 32, pressed: 1, sysTime: 63067140
vkCode: 32, pressed: 0, sysTime: 63067343
vkCode: 84, pressed: 1, sysTime: 63067437
vkCode: 84, pressed: 0, sysTime: 63067562
vkCode: 72, pressed: 1, sysTime: 63067859
vkCode: 72, pressed: 0, sysTime: 63067968
vkCode: 69, pressed: 1, sysTime: 63067968
vkCode: 32, pressed: 1, sysTime: 63068078
vkCode: 69, pressed: 0, sysTime: 63068125
vkCode: 160, pressed: 0, sysTime: 63068187
vkCode: 32, pressed: 0, sysTime: 63068312
vkCode: 13, pressed: 1, sysTime: 63070437
vkCode: 13, pressed: 0, sysTime: 63070593
vkCode: 38, pressed: 1, sysTime: 63124375
vkCode: 38, pressed: 0, sysTime: 63124468
vkCode: 13, pressed: 1, sysTime: 63124734
vkCode: 162, pressed: 1, sysTime: 63130531
vkCode: 67, pressed: 1, sysTime: 63130656
vkCode: 67, pressed: 0, sysTime: 63130812
vkCode: 162, pressed: 0, sysTime: 63130875
vkCode: 162, pressed: 1, sysTime: 63132062
vkCode: 86, pressed: 1, sysTime: 63132156
vkCode: 86, pressed: 0, sysTime: 63132281
vkCode: 162, pressed: 0, sysTime: 63132375
vkCode: 38, pressed: 1, sysTime: 63132859
vkCode: 38, pressed: 0, sysTime: 63132953
vkCode: 13, pressed: 1, sysTime: 63133453
vkCode: 13, pressed: 0, sysTime: 63133609
vkCode: 164, pressed: 1, sysTime: 63134203
vkCode: 9, pressed: 1, sysTime: 63134250
vkCode: 9, pressed: 0, sysTime: 63134390
vkCode: 9, pressed: 1, sysTime: 63134984
vkCode: 164, pressed: 0, sysTime: 63135171
vkCode: 9, pressed: 0, sysTime: 63135187
vkCode: 91, pressed: 1, sysTime: 63136156
vkCode: 91, pressed: 0, sysTime: 63136281
vkCode: 32, pressed: 1, sysTime: 63179562
vkCode: 32, pressed: 0, sysTime: 63179656
vkCode: 160, pressed: 1, sysTime: 63179781
vkCode: 160, pressed: 0, sysTime: 63180000
vkCode: 49, pressed: 1, sysTime: 63181859
vkCode: 49, pressed: 0, sysTime: 63182031
vkCode: 52, pressed: 1, sysTime: 63182375
vkCode: 52, pressed: 0, sysTime: 63182500
vkCode: 52, pressed: 1, sysTime: 63182593
vkCode: 52, pressed: 0, sysTime: 63182718
vkCode: 13, pressed: 1, sysTime: 63183078
vkCode: 13, pressed: 0, sysTime: 63183187
vkCode: 32, pressed: 1, sysTime: 63185000
vkCode: 160, pressed: 1, sysTime: 63185031
vkCode: 32, pressed: 0, sysTime: 63185218
vkCode: 160, pressed: 0, sysTime: 63185250
vkCode: 160, pressed: 1, sysTime: 63186890
vkCode: 32, pressed: 1, sysTime: 63186890
vkCode: 32, pressed: 0, sysTime: 63187031
vkCode: 160, pressed: 0, sysTime: 63187078
vkCode: 32, pressed: 1, sysTime: 63188375
vkCode: 32, pressed: 0, sysTime: 63188500
vkCode: 32, pressed: 1, sysTime: 63189062
vkCode: 160, pressed: 1, sysTime: 63189109
vkCode: 32, pressed: 0, sysTime: 63189265
vkCode: 160, pressed: 0, sysTime: 63189265
vkCode: 32, pressed: 1, sysTime: 63190046
vkCode: 32, pressed: 0, sysTime: 63190156
vkCode: 160, pressed: 1, sysTime: 63190500
vkCode: 32, pressed: 1, sysTime: 63190500
vkCode: 160, pressed: 0, sysTime: 63190703
vkCode: 32, pressed: 0, sysTime: 63190781
vkCode: 32, pressed: 1, sysTime: 63191281
vkCode: 32, pressed: 0, sysTime: 63191406
vkCode: 32, pressed: 1, sysTime: 63191609
vkCode: 160, pressed: 1, sysTime: 63191656
vkCode: 160, pressed: 0, sysTime: 63191890
vkCode: 32, pressed: 0, sysTime: 63191906
vkCode: 32, pressed: 1, sysTime: 63192406
vkCode: 32, pressed: 0, sysTime: 63192531
vkCode: 32, pressed: 1, sysTime: 63192828
vkCode: 160, pressed: 1, sysTime: 63192828
vkCode: 160, pressed: 0, sysTime: 63193171
vkCode: 32, pressed: 0, sysTime: 63193171
